#! /home1/c/cis5710/tools/bin/vvp
:ivl_version "11.0 (stable)" "(v11_0)";
:ivl_delay_selection "TYPICAL";
:vpi_time_precision - 12;
:vpi_module "/home1/c/cis5710/tools/lib/ivl/system.vpi";
:vpi_module "/home1/c/cis5710/tools/lib/ivl/vhdl_sys.vpi";
:vpi_module "/home1/c/cis5710/tools/lib/ivl/vhdl_textio.vpi";
:vpi_module "/home1/c/cis5710/tools/lib/ivl/v2005_math.vpi";
:vpi_module "/home1/c/cis5710/tools/lib/ivl/va_math.vpi";
S_0x1ecd8c0 .scope module, "test_regfile" "test_regfile" 2 16;
 .timescale -9 -12;
v0x1f2f330_0 .var "clk", 0 0;
v0x1f2f3f0_0 .var/i "errors", 31 0;
v0x1f2f4d0_0 .var "expected_rs_A", 15 0;
v0x1f2f590_0 .var "expected_rs_B", 15 0;
v0x1f2f670_0 .var "expected_rt_A", 15 0;
v0x1f2f7a0_0 .var "expected_rt_B", 15 0;
v0x1f2f880_0 .var "gwe", 0 0;
v0x1f2f920_0 .var/i "input_file", 31 0;
v0x1f2fa00_0 .var/i "output_file", 31 0;
v0x1f2fae0_0 .var "rd_A", 2 0;
v0x1f2fba0_0 .var "rd_B", 2 0;
v0x1f2fc40_0 .var "rs_A", 2 0;
v0x1f2fce0_0 .var "rs_B", 2 0;
v0x1f2fd80_0 .net "rs_data_A", 15 0, L_0x1f36d50;  1 drivers
v0x1f2fe20_0 .net "rs_data_B", 15 0, L_0x1f39f10;  1 drivers
v0x1f2fef0_0 .var "rst", 0 0;
v0x1f2ff90_0 .var "rt_A", 2 0;
v0x1f30170_0 .var "rt_B", 2 0;
v0x1f30240_0 .net "rt_data_A", 15 0, L_0x1f374a0;  1 drivers
v0x1f30310_0 .net "rt_data_B", 15 0, L_0x1f3a630;  1 drivers
v0x1f303e0_0 .var/i "tests", 31 0;
v0x1f304a0_0 .var "wdata_A", 15 0;
v0x1f30590_0 .var "wdata_B", 15 0;
v0x1f30660_0 .var "wen_A", 0 0;
v0x1f30730_0 .var "wen_B", 0 0;
S_0x1ecc030 .scope task, "printPoints" "printPoints" 3 1, 3 1 0, S_0x1ecd8c0;
 .timescale -9 -12;
v0x1ed1920_0 .var "actual", 31 0;
v0x1ece620_0 .var "possible", 31 0;
TD_test_regfile.printPoints ;
    %vpi_call 3 4 "$display", "<scorePossible>%d</scorePossible>", v0x1ece620_0 {0 0 0};
    %vpi_call 3 5 "$display", "<scoreActual>%d</scoreActual>", v0x1ed1920_0 {0 0 0};
    %end;
S_0x1f0dc90 .scope module, "regfile_ss" "lc4_regfile_ss" 2 54, 4 18 0, S_0x1ecd8c0;
 .timescale -9 -12;
    .port_info 0 /INPUT 1 "clk";
    .port_info 1 /INPUT 1 "gwe";
    .port_info 2 /INPUT 1 "rst";
    .port_info 3 /INPUT 3 "i_rs_A";
    .port_info 4 /OUTPUT 16 "o_rs_data_A";
    .port_info 5 /INPUT 3 "i_rt_A";
    .port_info 6 /OUTPUT 16 "o_rt_data_A";
    .port_info 7 /INPUT 3 "i_rs_B";
    .port_info 8 /OUTPUT 16 "o_rs_data_B";
    .port_info 9 /INPUT 3 "i_rt_B";
    .port_info 10 /OUTPUT 16 "o_rt_data_B";
    .port_info 11 /INPUT 3 "i_rd_A";
    .port_info 12 /INPUT 16 "i_wdata_A";
    .port_info 13 /INPUT 1 "i_rd_we_A";
    .port_info 14 /INPUT 3 "i_rd_B";
    .port_info 15 /INPUT 16 "i_wdata_B";
    .port_info 16 /INPUT 1 "i_rd_we_B";
P_0x1f0de90 .param/l "n" 0 4 18, +C4<00000000000000000000000000010000>;
L_0x1f30b30 .functor AND 1, v0x1f30730_0, L_0x1f309c0, C4<1>, C4<1>;
L_0x1f30f10 .functor AND 1, v0x1f30660_0, L_0x1f30dd0, C4<1>, C4<1>;
L_0x1f31140 .functor AND 1, v0x1f30730_0, L_0x1f31020, C4<1>, C4<1>;
L_0x1f31200 .functor OR 1, L_0x1f30f10, L_0x1f31140, C4<0>, C4<0>;
L_0x1f314f0 .functor AND 1, v0x1f30730_0, L_0x1f31450, C4<1>, C4<1>;
L_0x1f317d0 .functor AND 1, v0x1f30660_0, L_0x1f316e0, C4<1>, C4<1>;
L_0x1f31a10 .functor AND 1, v0x1f30730_0, L_0x1f318d0, C4<1>, C4<1>;
L_0x1f31ad0 .functor OR 1, L_0x1f317d0, L_0x1f31a10, C4<0>, C4<0>;
L_0x1f31e30 .functor AND 1, v0x1f30730_0, L_0x1f31d40, C4<1>, C4<1>;
L_0x1f32120 .functor AND 1, v0x1f30660_0, L_0x1f31ff0, C4<1>, C4<1>;
L_0x1f32420 .functor AND 1, v0x1f30730_0, L_0x1f32310, C4<1>, C4<1>;
L_0x1f32490 .functor OR 1, L_0x1f32120, L_0x1f32420, C4<0>, C4<0>;
L_0x1f327a0 .functor AND 1, v0x1f30730_0, L_0x1f32680, C4<1>, C4<1>;
L_0x1f323b0 .functor AND 1, v0x1f30660_0, L_0x1f32ae0, C4<1>, C4<1>;
L_0x1f32500 .functor AND 1, v0x1f30730_0, L_0x1f32cd0, C4<1>, C4<1>;
L_0x1f32ed0 .functor OR 1, L_0x1f323b0, L_0x1f32500, C4<0>, C4<0>;
L_0x1f333b0 .functor AND 1, v0x1f30730_0, L_0x1f33290, C4<1>, C4<1>;
L_0x1f33720 .functor AND 1, v0x1f30660_0, L_0x1f33600, C4<1>, C4<1>;
L_0x1f33a50 .functor AND 1, v0x1f30730_0, L_0x1f33880, C4<1>, C4<1>;
L_0x1f33b10 .functor OR 1, L_0x1f33720, L_0x1f33a50, C4<0>, C4<0>;
L_0x1f33e60 .functor AND 1, v0x1f30730_0, L_0x1f337e0, C4<1>, C4<1>;
L_0x1f34150 .functor AND 1, v0x1f30660_0, L_0x1f34030, C4<1>, C4<1>;
L_0x1f344c0 .functor AND 1, v0x1f30730_0, L_0x1f342d0, C4<1>, C4<1>;
L_0x1f34580 .functor OR 1, L_0x1f34150, L_0x1f344c0, C4<0>, C4<0>;
L_0x1f34aa0 .functor AND 1, v0x1f30730_0, L_0x1f34980, C4<1>, C4<1>;
L_0x1f35020 .functor AND 1, v0x1f30660_0, L_0x1f34e40, C4<1>, C4<1>;
L_0x1f35460 .functor AND 1, v0x1f30730_0, L_0x1f35280, C4<1>, C4<1>;
L_0x1f35520 .functor OR 1, L_0x1f35020, L_0x1f35460, C4<0>, C4<0>;
L_0x1f35a60 .functor AND 1, v0x1f30730_0, L_0x1f35940, C4<1>, C4<1>;
L_0x1f36040 .functor AND 1, v0x1f30660_0, L_0x1f35f20, C4<1>, C4<1>;
L_0x1f36430 .functor AND 1, v0x1f30730_0, L_0x1f36200, C4<1>, C4<1>;
L_0x1f364f0 .functor OR 1, L_0x1f36040, L_0x1f36430, C4<0>, C4<0>;
L_0x1f36800 .functor AND 1, v0x1f30730_0, L_0x1f36710, C4<1>, C4<1>;
L_0x1f36a80 .functor AND 1, v0x1f30660_0, L_0x1f368c0, C4<1>, C4<1>;
L_0x1f37010 .functor AND 1, v0x1f30730_0, L_0x1f36f20, C4<1>, C4<1>;
L_0x1f372b0 .functor AND 1, v0x1f30660_0, L_0x1f370d0, C4<1>, C4<1>;
L_0x1f1d230 .functor AND 1, v0x1f30730_0, L_0x1f39a60, C4<1>, C4<1>;
L_0x1f1d060 .functor AND 1, v0x1f30660_0, L_0x1f39b00, C4<1>, C4<1>;
L_0x1f1d5c0 .functor AND 1, v0x1f30730_0, L_0x1f3a150, C4<1>, C4<1>;
L_0x1f1d3f0 .functor AND 1, v0x1f30660_0, L_0x1f3a1f0, C4<1>, C4<1>;
L_0x7ff84dc93018 .functor BUFT 1, C4<000>, C4<0>, C4<0>, C4<0>;
v0x1f28320_0 .net/2u *"_ivl_0", 2 0, L_0x7ff84dc93018;  1 drivers
v0x1f28420_0 .net *"_ivl_10", 0 0, L_0x1f30dd0;  1 drivers
v0x1f284e0_0 .net *"_ivl_100", 0 0, L_0x1f33720;  1 drivers
L_0x7ff84dc93408 .functor BUFT 1, C4<100>, C4<0>, C4<0>, C4<0>;
v0x1f285a0_0 .net/2u *"_ivl_102", 2 0, L_0x7ff84dc93408;  1 drivers
v0x1f28680_0 .net *"_ivl_104", 0 0, L_0x1f33880;  1 drivers
v0x1f28790_0 .net *"_ivl_106", 0 0, L_0x1f33a50;  1 drivers
L_0x7ff84dc93450 .functor BUFT 1, C4<101>, C4<0>, C4<0>, C4<0>;
v0x1f28870_0 .net/2u *"_ivl_110", 2 0, L_0x7ff84dc93450;  1 drivers
v0x1f28950_0 .net *"_ivl_112", 0 0, L_0x1f337e0;  1 drivers
v0x1f28a10_0 .net *"_ivl_114", 0 0, L_0x1f33e60;  1 drivers
L_0x7ff84dc93498 .functor BUFT 1, C4<101>, C4<0>, C4<0>, C4<0>;
v0x1f28af0_0 .net/2u *"_ivl_118", 2 0, L_0x7ff84dc93498;  1 drivers
v0x1f28bd0_0 .net *"_ivl_12", 0 0, L_0x1f30f10;  1 drivers
v0x1f28cb0_0 .net *"_ivl_120", 0 0, L_0x1f34030;  1 drivers
v0x1f28d70_0 .net *"_ivl_122", 0 0, L_0x1f34150;  1 drivers
L_0x7ff84dc934e0 .functor BUFT 1, C4<101>, C4<0>, C4<0>, C4<0>;
v0x1f28e50_0 .net/2u *"_ivl_124", 2 0, L_0x7ff84dc934e0;  1 drivers
v0x1f28f30_0 .net *"_ivl_126", 0 0, L_0x1f342d0;  1 drivers
v0x1f28ff0_0 .net *"_ivl_128", 0 0, L_0x1f344c0;  1 drivers
L_0x7ff84dc93528 .functor BUFT 1, C4<110>, C4<0>, C4<0>, C4<0>;
v0x1f290d0_0 .net/2u *"_ivl_132", 2 0, L_0x7ff84dc93528;  1 drivers
v0x1f292c0_0 .net *"_ivl_134", 0 0, L_0x1f34980;  1 drivers
v0x1f29380_0 .net *"_ivl_136", 0 0, L_0x1f34aa0;  1 drivers
L_0x7ff84dc930a8 .functor BUFT 1, C4<000>, C4<0>, C4<0>, C4<0>;
v0x1f29460_0 .net/2u *"_ivl_14", 2 0, L_0x7ff84dc930a8;  1 drivers
L_0x7ff84dc93570 .functor BUFT 1, C4<110>, C4<0>, C4<0>, C4<0>;
v0x1f29540_0 .net/2u *"_ivl_140", 2 0, L_0x7ff84dc93570;  1 drivers
v0x1f29620_0 .net *"_ivl_142", 0 0, L_0x1f34e40;  1 drivers
v0x1f296e0_0 .net *"_ivl_144", 0 0, L_0x1f35020;  1 drivers
L_0x7ff84dc935b8 .functor BUFT 1, C4<110>, C4<0>, C4<0>, C4<0>;
v0x1f297c0_0 .net/2u *"_ivl_146", 2 0, L_0x7ff84dc935b8;  1 drivers
v0x1f298a0_0 .net *"_ivl_148", 0 0, L_0x1f35280;  1 drivers
v0x1f29960_0 .net *"_ivl_150", 0 0, L_0x1f35460;  1 drivers
L_0x7ff84dc93600 .functor BUFT 1, C4<111>, C4<0>, C4<0>, C4<0>;
v0x1f29a40_0 .net/2u *"_ivl_154", 2 0, L_0x7ff84dc93600;  1 drivers
v0x1f29b20_0 .net *"_ivl_156", 0 0, L_0x1f35940;  1 drivers
v0x1f29be0_0 .net *"_ivl_158", 0 0, L_0x1f35a60;  1 drivers
v0x1f29cc0_0 .net *"_ivl_16", 0 0, L_0x1f31020;  1 drivers
L_0x7ff84dc93648 .functor BUFT 1, C4<111>, C4<0>, C4<0>, C4<0>;
v0x1f29d80_0 .net/2u *"_ivl_162", 2 0, L_0x7ff84dc93648;  1 drivers
v0x1f29e60_0 .net *"_ivl_164", 0 0, L_0x1f35f20;  1 drivers
v0x1f29f20_0 .net *"_ivl_166", 0 0, L_0x1f36040;  1 drivers
L_0x7ff84dc93690 .functor BUFT 1, C4<111>, C4<0>, C4<0>, C4<0>;
v0x1f2a210_0 .net/2u *"_ivl_168", 2 0, L_0x7ff84dc93690;  1 drivers
v0x1f2a2f0_0 .net *"_ivl_170", 0 0, L_0x1f36200;  1 drivers
v0x1f2a3b0_0 .net *"_ivl_172", 0 0, L_0x1f36430;  1 drivers
v0x1f2a490_0 .net *"_ivl_176", 0 0, L_0x1f36710;  1 drivers
v0x1f2a550_0 .net *"_ivl_178", 0 0, L_0x1f36800;  1 drivers
v0x1f2a630_0 .net *"_ivl_18", 0 0, L_0x1f31140;  1 drivers
v0x1f2a710_0 .net *"_ivl_180", 0 0, L_0x1f368c0;  1 drivers
v0x1f2a7d0_0 .net *"_ivl_182", 0 0, L_0x1f36a80;  1 drivers
v0x1f2a8b0_0 .net *"_ivl_184", 15 0, L_0x1f36c60;  1 drivers
v0x1f2a990_0 .net *"_ivl_188", 0 0, L_0x1f36f20;  1 drivers
v0x1f2aa50_0 .net *"_ivl_190", 0 0, L_0x1f37010;  1 drivers
v0x1f2ab30_0 .net *"_ivl_192", 0 0, L_0x1f370d0;  1 drivers
v0x1f2abf0_0 .net *"_ivl_194", 0 0, L_0x1f372b0;  1 drivers
v0x1f2acd0_0 .net *"_ivl_196", 15 0, L_0x1f36b40;  1 drivers
v0x1f2adb0_0 .net *"_ivl_2", 0 0, L_0x1f309c0;  1 drivers
v0x1f2ae70_0 .net *"_ivl_212", 0 0, L_0x1f39a60;  1 drivers
v0x1f2af30_0 .net *"_ivl_214", 0 0, L_0x1f1d230;  1 drivers
v0x1f2b010_0 .net *"_ivl_216", 0 0, L_0x1f39b00;  1 drivers
v0x1f2b0d0_0 .net *"_ivl_218", 0 0, L_0x1f1d060;  1 drivers
L_0x7ff84dc930f0 .functor BUFT 1, C4<001>, C4<0>, C4<0>, C4<0>;
v0x1f2b1b0_0 .net/2u *"_ivl_22", 2 0, L_0x7ff84dc930f0;  1 drivers
v0x1f2b290_0 .net *"_ivl_220", 15 0, L_0x1f39e70;  1 drivers
v0x1f2b370_0 .net *"_ivl_224", 0 0, L_0x1f3a150;  1 drivers
v0x1f2b430_0 .net *"_ivl_226", 0 0, L_0x1f1d5c0;  1 drivers
v0x1f2b510_0 .net *"_ivl_228", 0 0, L_0x1f3a1f0;  1 drivers
v0x1f2b5d0_0 .net *"_ivl_230", 0 0, L_0x1f1d3f0;  1 drivers
v0x1f2b6b0_0 .net *"_ivl_232", 15 0, L_0x1f3a590;  1 drivers
v0x1f2b790_0 .net *"_ivl_24", 0 0, L_0x1f31450;  1 drivers
v0x1f2b850_0 .net *"_ivl_26", 0 0, L_0x1f314f0;  1 drivers
L_0x7ff84dc93138 .functor BUFT 1, C4<001>, C4<0>, C4<0>, C4<0>;
v0x1f2b930_0 .net/2u *"_ivl_30", 2 0, L_0x7ff84dc93138;  1 drivers
v0x1f2ba10_0 .net *"_ivl_32", 0 0, L_0x1f316e0;  1 drivers
v0x1f2bad0_0 .net *"_ivl_34", 0 0, L_0x1f317d0;  1 drivers
L_0x7ff84dc93180 .functor BUFT 1, C4<001>, C4<0>, C4<0>, C4<0>;
v0x1f2bbb0_0 .net/2u *"_ivl_36", 2 0, L_0x7ff84dc93180;  1 drivers
v0x1f2c0a0_0 .net *"_ivl_38", 0 0, L_0x1f318d0;  1 drivers
v0x1f2c160_0 .net *"_ivl_4", 0 0, L_0x1f30b30;  1 drivers
v0x1f2c240_0 .net *"_ivl_40", 0 0, L_0x1f31a10;  1 drivers
L_0x7ff84dc931c8 .functor BUFT 1, C4<010>, C4<0>, C4<0>, C4<0>;
v0x1f2c320_0 .net/2u *"_ivl_44", 2 0, L_0x7ff84dc931c8;  1 drivers
v0x1f2c400_0 .net *"_ivl_46", 0 0, L_0x1f31d40;  1 drivers
v0x1f2c4c0_0 .net *"_ivl_48", 0 0, L_0x1f31e30;  1 drivers
L_0x7ff84dc93210 .functor BUFT 1, C4<010>, C4<0>, C4<0>, C4<0>;
v0x1f2c5a0_0 .net/2u *"_ivl_52", 2 0, L_0x7ff84dc93210;  1 drivers
v0x1f2c680_0 .net *"_ivl_54", 0 0, L_0x1f31ff0;  1 drivers
v0x1f2c740_0 .net *"_ivl_56", 0 0, L_0x1f32120;  1 drivers
L_0x7ff84dc93258 .functor BUFT 1, C4<010>, C4<0>, C4<0>, C4<0>;
v0x1f2c820_0 .net/2u *"_ivl_58", 2 0, L_0x7ff84dc93258;  1 drivers
v0x1f2c900_0 .net *"_ivl_60", 0 0, L_0x1f32310;  1 drivers
v0x1f2c9c0_0 .net *"_ivl_62", 0 0, L_0x1f32420;  1 drivers
L_0x7ff84dc932a0 .functor BUFT 1, C4<011>, C4<0>, C4<0>, C4<0>;
v0x1f2caa0_0 .net/2u *"_ivl_66", 2 0, L_0x7ff84dc932a0;  1 drivers
v0x1f2cb80_0 .net *"_ivl_68", 0 0, L_0x1f32680;  1 drivers
v0x1f2cc40_0 .net *"_ivl_70", 0 0, L_0x1f327a0;  1 drivers
L_0x7ff84dc932e8 .functor BUFT 1, C4<011>, C4<0>, C4<0>, C4<0>;
v0x1f2cd20_0 .net/2u *"_ivl_74", 2 0, L_0x7ff84dc932e8;  1 drivers
v0x1f2ce00_0 .net *"_ivl_76", 0 0, L_0x1f32ae0;  1 drivers
v0x1f2cec0_0 .net *"_ivl_78", 0 0, L_0x1f323b0;  1 drivers
L_0x7ff84dc93060 .functor BUFT 1, C4<000>, C4<0>, C4<0>, C4<0>;
v0x1f2cfa0_0 .net/2u *"_ivl_8", 2 0, L_0x7ff84dc93060;  1 drivers
L_0x7ff84dc93330 .functor BUFT 1, C4<011>, C4<0>, C4<0>, C4<0>;
v0x1f2d080_0 .net/2u *"_ivl_80", 2 0, L_0x7ff84dc93330;  1 drivers
v0x1f2d160_0 .net *"_ivl_82", 0 0, L_0x1f32cd0;  1 drivers
v0x1f2d220_0 .net *"_ivl_84", 0 0, L_0x1f32500;  1 drivers
L_0x7ff84dc93378 .functor BUFT 1, C4<100>, C4<0>, C4<0>, C4<0>;
v0x1f2d300_0 .net/2u *"_ivl_88", 2 0, L_0x7ff84dc93378;  1 drivers
v0x1f2d3e0_0 .net *"_ivl_90", 0 0, L_0x1f33290;  1 drivers
v0x1f2d4a0_0 .net *"_ivl_92", 0 0, L_0x1f333b0;  1 drivers
L_0x7ff84dc933c0 .functor BUFT 1, C4<100>, C4<0>, C4<0>, C4<0>;
v0x1f2d580_0 .net/2u *"_ivl_96", 2 0, L_0x7ff84dc933c0;  1 drivers
v0x1f2d660_0 .net *"_ivl_98", 0 0, L_0x1f33600;  1 drivers
v0x1f2d720_0 .net "clk", 0 0, v0x1f2f330_0;  1 drivers
v0x1f2d7c0_0 .net "gwe", 0 0, v0x1f2f880_0;  1 drivers
v0x1f2d970_0 .net "i_rd_A", 2 0, v0x1f2fae0_0;  1 drivers
v0x1f2da50_0 .net "i_rd_B", 2 0, v0x1f2fba0_0;  1 drivers
v0x1f2db30_0 .net "i_rd_we_A", 0 0, v0x1f30660_0;  1 drivers
v0x1f2dbf0_0 .net "i_rd_we_B", 0 0, v0x1f30730_0;  1 drivers
v0x1f2dcb0_0 .net "i_rs_A", 2 0, v0x1f2fc40_0;  1 drivers
v0x1f2dd90_0 .net "i_rs_B", 2 0, v0x1f2fce0_0;  1 drivers
v0x1f2de70_0 .net "i_rt_A", 2 0, v0x1f2ff90_0;  1 drivers
v0x1f2df50_0 .net "i_rt_B", 2 0, v0x1f30170_0;  1 drivers
v0x1f2e030_0 .net "i_wdata_A", 15 0, v0x1f304a0_0;  1 drivers
v0x1f2e110_0 .net "i_wdata_B", 15 0, v0x1f30590_0;  1 drivers
v0x1f2e1f0_0 .net "o_rs_data_A", 15 0, L_0x1f36d50;  alias, 1 drivers
v0x1f2e2d0_0 .net "o_rs_data_A_init", 15 0, L_0x1f37b40;  1 drivers
v0x1f2e390_0 .net "o_rs_data_B", 15 0, L_0x1f39f10;  alias, 1 drivers
v0x1f2e470_0 .net "o_rs_data_B_init", 15 0, L_0x1f3af20;  1 drivers
v0x1f2e580_0 .net "o_rt_data_A", 15 0, L_0x1f374a0;  alias, 1 drivers
v0x1f2e660_0 .net "o_rt_data_A_init", 15 0, L_0x1f393d0;  1 drivers
v0x1f2e770_0 .net "o_rt_data_B", 15 0, L_0x1f3a630;  alias, 1 drivers
v0x1f2e850_0 .net "o_rt_data_B_init", 15 0, L_0x1f3bbc0;  1 drivers
v0x1f2e960_0 .net "r0_out", 15 0, L_0x1ecb200;  1 drivers
v0x1f2ea20_0 .net "r1_out", 15 0, L_0x1f31340;  1 drivers
v0x1f2eae0_0 .net "r2_out", 15 0, L_0x1f31c30;  1 drivers
v0x1f2eba0_0 .net "r3_out", 15 0, L_0x1f32570;  1 drivers
v0x1f2ec60_0 .net "r4_out", 15 0, L_0x1f33070;  1 drivers
v0x1f2ed20_0 .net "r5_out", 15 0, L_0x1f33cd0;  1 drivers
v0x1f2ede0_0 .net "r6_out", 15 0, L_0x1f34760;  1 drivers
v0x1f2eea0_0 .net "r7_out", 15 0, L_0x1f35720;  1 drivers
v0x1f2ef60_0 .net "rst", 0 0, v0x1f2fef0_0;  1 drivers
L_0x1f309c0 .cmp/eq 3, v0x1f2fba0_0, L_0x7ff84dc93018;
L_0x1f30c40 .functor MUXZ 16, v0x1f304a0_0, v0x1f30590_0, L_0x1f30b30, C4<>;
L_0x1f30dd0 .cmp/eq 3, v0x1f2fae0_0, L_0x7ff84dc93060;
L_0x1f31020 .cmp/eq 3, v0x1f2fba0_0, L_0x7ff84dc930a8;
L_0x1f31450 .cmp/eq 3, v0x1f2fba0_0, L_0x7ff84dc930f0;
L_0x1f31560 .functor MUXZ 16, v0x1f304a0_0, v0x1f30590_0, L_0x1f314f0, C4<>;
L_0x1f316e0 .cmp/eq 3, v0x1f2fae0_0, L_0x7ff84dc93138;
L_0x1f318d0 .cmp/eq 3, v0x1f2fba0_0, L_0x7ff84dc93180;
L_0x1f31d40 .cmp/eq 3, v0x1f2fba0_0, L_0x7ff84dc931c8;
L_0x1f31ef0 .functor MUXZ 16, v0x1f304a0_0, v0x1f30590_0, L_0x1f31e30, C4<>;
L_0x1f31ff0 .cmp/eq 3, v0x1f2fae0_0, L_0x7ff84dc93210;
L_0x1f32310 .cmp/eq 3, v0x1f2fba0_0, L_0x7ff84dc93258;
L_0x1f32680 .cmp/eq 3, v0x1f2fba0_0, L_0x7ff84dc932a0;
L_0x1f32970 .functor MUXZ 16, v0x1f304a0_0, v0x1f30590_0, L_0x1f327a0, C4<>;
L_0x1f32ae0 .cmp/eq 3, v0x1f2fae0_0, L_0x7ff84dc932e8;
L_0x1f32cd0 .cmp/eq 3, v0x1f2fba0_0, L_0x7ff84dc93330;
L_0x1f33290 .cmp/eq 3, v0x1f2fba0_0, L_0x7ff84dc93378;
L_0x1f33470 .functor MUXZ 16, v0x1f304a0_0, v0x1f30590_0, L_0x1f333b0, C4<>;
L_0x1f33600 .cmp/eq 3, v0x1f2fae0_0, L_0x7ff84dc933c0;
L_0x1f33880 .cmp/eq 3, v0x1f2fba0_0, L_0x7ff84dc93408;
L_0x1f337e0 .cmp/eq 3, v0x1f2fba0_0, L_0x7ff84dc93450;
L_0x1f33510 .functor MUXZ 16, v0x1f304a0_0, v0x1f30590_0, L_0x1f33e60, C4<>;
L_0x1f34030 .cmp/eq 3, v0x1f2fae0_0, L_0x7ff84dc93498;
L_0x1f342d0 .cmp/eq 3, v0x1f2fba0_0, L_0x7ff84dc934e0;
L_0x1f34980 .cmp/eq 3, v0x1f2fba0_0, L_0x7ff84dc93528;
L_0x1f34b60 .functor MUXZ 16, v0x1f304a0_0, v0x1f30590_0, L_0x1f34aa0, C4<>;
L_0x1f34e40 .cmp/eq 3, v0x1f2fae0_0, L_0x7ff84dc93570;
L_0x1f35280 .cmp/eq 3, v0x1f2fba0_0, L_0x7ff84dc935b8;
L_0x1f35940 .cmp/eq 3, v0x1f2fba0_0, L_0x7ff84dc93600;
L_0x1f35d30 .functor MUXZ 16, v0x1f304a0_0, v0x1f30590_0, L_0x1f35a60, C4<>;
L_0x1f35f20 .cmp/eq 3, v0x1f2fae0_0, L_0x7ff84dc93648;
L_0x1f36200 .cmp/eq 3, v0x1f2fba0_0, L_0x7ff84dc93690;
L_0x1f36710 .cmp/eq 3, v0x1f2fba0_0, v0x1f2fc40_0;
L_0x1f368c0 .cmp/eq 3, v0x1f2fae0_0, v0x1f2fc40_0;
L_0x1f36c60 .functor MUXZ 16, L_0x1f37b40, v0x1f304a0_0, L_0x1f36a80, C4<>;
L_0x1f36d50 .functor MUXZ 16, L_0x1f36c60, v0x1f30590_0, L_0x1f36800, C4<>;
L_0x1f36f20 .cmp/eq 3, v0x1f2fba0_0, v0x1f2ff90_0;
L_0x1f370d0 .cmp/eq 3, v0x1f2fae0_0, v0x1f2ff90_0;
L_0x1f36b40 .functor MUXZ 16, L_0x1f393d0, v0x1f304a0_0, L_0x1f372b0, C4<>;
L_0x1f374a0 .functor MUXZ 16, L_0x1f36b40, v0x1f30590_0, L_0x1f37010, C4<>;
L_0x1f37be0 .part v0x1f2fc40_0, 2, 1;
L_0x1f37c80 .part v0x1f2fc40_0, 1, 1;
L_0x1f37e80 .part v0x1f2fc40_0, 0, 1;
L_0x1f39500 .part v0x1f2ff90_0, 2, 1;
L_0x1f397a0 .part v0x1f2ff90_0, 1, 1;
L_0x1f39840 .part v0x1f2ff90_0, 0, 1;
L_0x1f39a60 .cmp/eq 3, v0x1f2fba0_0, v0x1f2fce0_0;
L_0x1f39b00 .cmp/eq 3, v0x1f2fae0_0, v0x1f2fce0_0;
L_0x1f39e70 .functor MUXZ 16, L_0x1f3af20, v0x1f304a0_0, L_0x1f1d060, C4<>;
L_0x1f39f10 .functor MUXZ 16, L_0x1f39e70, v0x1f30590_0, L_0x1f1d230, C4<>;
L_0x1f3a150 .cmp/eq 3, v0x1f2fba0_0, v0x1f30170_0;
L_0x1f3a1f0 .cmp/eq 3, v0x1f2fae0_0, v0x1f30170_0;
L_0x1f3a590 .functor MUXZ 16, L_0x1f3bbc0, v0x1f304a0_0, L_0x1f1d3f0, C4<>;
L_0x1f3a630 .functor MUXZ 16, L_0x1f3a590, v0x1f30590_0, L_0x1f1d5c0, C4<>;
L_0x1f3b050 .part v0x1f2fce0_0, 2, 1;
L_0x1f3b180 .part v0x1f2fce0_0, 1, 1;
L_0x1f3b3f0 .part v0x1f2fce0_0, 0, 1;
L_0x1f3bd30 .part v0x1f30170_0, 2, 1;
L_0x1f3c040 .part v0x1f30170_0, 1, 1;
L_0x1f3c0e0 .part v0x1f30170_0, 0, 1;
S_0x1f0e0d0 .scope module, "mux_rs_A" "mux8to1" 4 67, 4 111 0, S_0x1f0dc90;
 .timescale -9 -12;
    .port_info 0 /INPUT 1 "S1";
    .port_info 1 /INPUT 1 "S2";
    .port_info 2 /INPUT 1 "S3";
    .port_info 3 /INPUT 16 "A";
    .port_info 4 /INPUT 16 "B";
    .port_info 5 /INPUT 16 "C";
    .port_info 6 /INPUT 16 "D";
    .port_info 7 /INPUT 16 "E";
    .port_info 8 /INPUT 16 "F";
    .port_info 9 /INPUT 16 "G";
    .port_info 10 /INPUT 16 "H";
    .port_info 11 /OUTPUT 16 "Out";
v0x1f12020_0 .net "A", 15 0, L_0x1f35720;  alias, 1 drivers
v0x1f12150_0 .net "B", 15 0, L_0x1f32570;  alias, 1 drivers
v0x1f12260_0 .net "C", 15 0, L_0x1f33cd0;  alias, 1 drivers
v0x1f12350_0 .net "D", 15 0, L_0x1f31340;  alias, 1 drivers
v0x1f12460_0 .net "E", 15 0, L_0x1f34760;  alias, 1 drivers
v0x1f125c0_0 .net "F", 15 0, L_0x1f31c30;  alias, 1 drivers
v0x1f126d0_0 .net "G", 15 0, L_0x1f33070;  alias, 1 drivers
v0x1f127e0_0 .net "H", 15 0, L_0x1ecb200;  alias, 1 drivers
v0x1f128f0_0 .net "Out", 15 0, L_0x1f37b40;  alias, 1 drivers
v0x1f12a40_0 .net "S1", 0 0, L_0x1f37be0;  1 drivers
v0x1f12ae0_0 .net "S2", 0 0, L_0x1f37c80;  1 drivers
v0x1f12c10_0 .net "S3", 0 0, L_0x1f37e80;  1 drivers
v0x1f12cb0_0 .net "mux1out", 15 0, L_0x1f378c0;  1 drivers
v0x1f12d50_0 .net "mux2out", 15 0, L_0x1f37aa0;  1 drivers
S_0x1f0e3e0 .scope module, "m1" "mux4to1" 4 125, 4 97 0, S_0x1f0e0d0;
 .timescale -9 -12;
    .port_info 0 /INPUT 1 "S1";
    .port_info 1 /INPUT 1 "S2";
    .port_info 2 /INPUT 16 "A";
    .port_info 3 /INPUT 16 "B";
    .port_info 4 /INPUT 16 "C";
    .port_info 5 /INPUT 16 "D";
    .port_info 6 /OUTPUT 16 "Out";
v0x1f0f490_0 .net "A", 15 0, L_0x1f35720;  alias, 1 drivers
v0x1f0f570_0 .net "B", 15 0, L_0x1f32570;  alias, 1 drivers
v0x1f0f640_0 .net "C", 15 0, L_0x1f33cd0;  alias, 1 drivers
v0x1f0f740_0 .net "D", 15 0, L_0x1f31340;  alias, 1 drivers
v0x1f0f810_0 .net "Out", 15 0, L_0x1f378c0;  alias, 1 drivers
v0x1f0f900_0 .net "S1", 0 0, L_0x1f37be0;  alias, 1 drivers
v0x1f0f9f0_0 .net "S2", 0 0, L_0x1f37c80;  alias, 1 drivers
v0x1f0fa90_0 .net "mux1out", 15 0, L_0x1f37780;  1 drivers
v0x1f0fb80_0 .net "mux2out", 15 0, L_0x1f37820;  1 drivers
S_0x1f0e5e0 .scope module, "m1" "mux2to1" 4 106, 4 90 0, S_0x1f0e3e0;
 .timescale -9 -12;
    .port_info 0 /INPUT 1 "S";
    .port_info 1 /INPUT 16 "A";
    .port_info 2 /INPUT 16 "B";
    .port_info 3 /OUTPUT 16 "Out";
v0x1ecb320_0 .net "A", 15 0, L_0x1f35720;  alias, 1 drivers
v0x1ec8020_0 .net "B", 15 0, L_0x1f32570;  alias, 1 drivers
v0x1ec4d20_0 .net "Out", 15 0, L_0x1f37780;  alias, 1 drivers
v0x1ef3bf0_0 .net "S", 0 0, L_0x1f37be0;  alias, 1 drivers
L_0x1f37780 .functor MUXZ 16, L_0x1f32570, L_0x1f35720, L_0x1f37be0, C4<>;
S_0x1f0e940 .scope module, "m2" "mux2to1" 4 107, 4 90 0, S_0x1f0e3e0;
 .timescale -9 -12;
    .port_info 0 /INPUT 1 "S";
    .port_info 1 /INPUT 16 "A";
    .port_info 2 /INPUT 16 "B";
    .port_info 3 /OUTPUT 16 "Out";
v0x1ef3c90_0 .net "A", 15 0, L_0x1f33cd0;  alias, 1 drivers
v0x1f0eb80_0 .net "B", 15 0, L_0x1f31340;  alias, 1 drivers
v0x1f0ec60_0 .net "Out", 15 0, L_0x1f37820;  alias, 1 drivers
v0x1f0ed20_0 .net "S", 0 0, L_0x1f37be0;  alias, 1 drivers
L_0x1f37820 .functor MUXZ 16, L_0x1f31340, L_0x1f33cd0, L_0x1f37be0, C4<>;
S_0x1f0ee80 .scope module, "m3" "mux2to1" 4 108, 4 90 0, S_0x1f0e3e0;
 .timescale -9 -12;
    .port_info 0 /INPUT 1 "S";
    .port_info 1 /INPUT 16 "A";
    .port_info 2 /INPUT 16 "B";
    .port_info 3 /OUTPUT 16 "Out";
v0x1f0f090_0 .net "A", 15 0, L_0x1f37780;  alias, 1 drivers
v0x1f0f180_0 .net "B", 15 0, L_0x1f37820;  alias, 1 drivers
v0x1f0f250_0 .net "Out", 15 0, L_0x1f378c0;  alias, 1 drivers
v0x1f0f320_0 .net "S", 0 0, L_0x1f37c80;  alias, 1 drivers
L_0x1f378c0 .functor MUXZ 16, L_0x1f37820, L_0x1f37780, L_0x1f37c80, C4<>;
S_0x1f0fce0 .scope module, "m2" "mux4to1" 4 126, 4 97 0, S_0x1f0e0d0;
 .timescale -9 -12;
    .port_info 0 /INPUT 1 "S1";
    .port_info 1 /INPUT 1 "S2";
    .port_info 2 /INPUT 16 "A";
    .port_info 3 /INPUT 16 "B";
    .port_info 4 /INPUT 16 "C";
    .port_info 5 /INPUT 16 "D";
    .port_info 6 /OUTPUT 16 "Out";
v0x1f11100_0 .net "A", 15 0, L_0x1f34760;  alias, 1 drivers
v0x1f111e0_0 .net "B", 15 0, L_0x1f31c30;  alias, 1 drivers
v0x1f112b0_0 .net "C", 15 0, L_0x1f33070;  alias, 1 drivers
v0x1f113b0_0 .net "D", 15 0, L_0x1ecb200;  alias, 1 drivers
v0x1f11480_0 .net "Out", 15 0, L_0x1f37aa0;  alias, 1 drivers
v0x1f11570_0 .net "S1", 0 0, L_0x1f37be0;  alias, 1 drivers
v0x1f11610_0 .net "S2", 0 0, L_0x1f37c80;  alias, 1 drivers
v0x1f116b0_0 .net "mux1out", 15 0, L_0x1f37960;  1 drivers
v0x1f117a0_0 .net "mux2out", 15 0, L_0x1f37a00;  1 drivers
S_0x1f0fee0 .scope module, "m1" "mux2to1" 4 106, 4 90 0, S_0x1f0fce0;
 .timescale -9 -12;
    .port_info 0 /INPUT 1 "S";
    .port_info 1 /INPUT 16 "A";
    .port_info 2 /INPUT 16 "B";
    .port_info 3 /OUTPUT 16 "Out";
v0x1f100c0_0 .net "A", 15 0, L_0x1f34760;  alias, 1 drivers
v0x1f101c0_0 .net "B", 15 0, L_0x1f31c30;  alias, 1 drivers
v0x1f102a0_0 .net "Out", 15 0, L_0x1f37960;  alias, 1 drivers
v0x1f10360_0 .net "S", 0 0, L_0x1f37be0;  alias, 1 drivers
L_0x1f37960 .functor MUXZ 16, L_0x1f31c30, L_0x1f34760, L_0x1f37be0, C4<>;
S_0x1f104b0 .scope module, "m2" "mux2to1" 4 107, 4 90 0, S_0x1f0fce0;
 .timescale -9 -12;
    .port_info 0 /INPUT 1 "S";
    .port_info 1 /INPUT 16 "A";
    .port_info 2 /INPUT 16 "B";
    .port_info 3 /OUTPUT 16 "Out";
v0x1f106b0_0 .net "A", 15 0, L_0x1f33070;  alias, 1 drivers
v0x1f10790_0 .net "B", 15 0, L_0x1ecb200;  alias, 1 drivers
v0x1f10870_0 .net "Out", 15 0, L_0x1f37a00;  alias, 1 drivers
v0x1f10960_0 .net "S", 0 0, L_0x1f37be0;  alias, 1 drivers
L_0x1f37a00 .functor MUXZ 16, L_0x1ecb200, L_0x1f33070, L_0x1f37be0, C4<>;
S_0x1f10b40 .scope module, "m3" "mux2to1" 4 108, 4 90 0, S_0x1f0fce0;
 .timescale -9 -12;
    .port_info 0 /INPUT 1 "S";
    .port_info 1 /INPUT 16 "A";
    .port_info 2 /INPUT 16 "B";
    .port_info 3 /OUTPUT 16 "Out";
v0x1f10d00_0 .net "A", 15 0, L_0x1f37960;  alias, 1 drivers
v0x1f10df0_0 .net "B", 15 0, L_0x1f37a00;  alias, 1 drivers
v0x1f10ec0_0 .net "Out", 15 0, L_0x1f37aa0;  alias, 1 drivers
v0x1f10f90_0 .net "S", 0 0, L_0x1f37c80;  alias, 1 drivers
L_0x1f37aa0 .functor MUXZ 16, L_0x1f37a00, L_0x1f37960, L_0x1f37c80, C4<>;
S_0x1f119b0 .scope module, "m3" "mux2to1" 4 127, 4 90 0, S_0x1f0e0d0;
 .timescale -9 -12;
    .port_info 0 /INPUT 1 "S";
    .port_info 1 /INPUT 16 "A";
    .port_info 2 /INPUT 16 "B";
    .port_info 3 /OUTPUT 16 "Out";
v0x1f11c00_0 .net "A", 15 0, L_0x1f378c0;  alias, 1 drivers
v0x1f11d10_0 .net "B", 15 0, L_0x1f37aa0;  alias, 1 drivers
v0x1f11e20_0 .net "Out", 15 0, L_0x1f37b40;  alias, 1 drivers
v0x1f11ee0_0 .net "S", 0 0, L_0x1f37e80;  alias, 1 drivers
L_0x1f37b40 .functor MUXZ 16, L_0x1f37aa0, L_0x1f378c0, L_0x1f37e80, C4<>;
S_0x1f12fe0 .scope module, "mux_rs_B" "mux8to1" 4 79, 4 111 0, S_0x1f0dc90;
 .timescale -9 -12;
    .port_info 0 /INPUT 1 "S1";
    .port_info 1 /INPUT 1 "S2";
    .port_info 2 /INPUT 1 "S3";
    .port_info 3 /INPUT 16 "A";
    .port_info 4 /INPUT 16 "B";
    .port_info 5 /INPUT 16 "C";
    .port_info 6 /INPUT 16 "D";
    .port_info 7 /INPUT 16 "E";
    .port_info 8 /INPUT 16 "F";
    .port_info 9 /INPUT 16 "G";
    .port_info 10 /INPUT 16 "H";
    .port_info 11 /OUTPUT 16 "Out";
v0x1f17630_0 .net "A", 15 0, L_0x1f35720;  alias, 1 drivers
v0x1f17710_0 .net "B", 15 0, L_0x1f32570;  alias, 1 drivers
v0x1f177d0_0 .net "C", 15 0, L_0x1f33cd0;  alias, 1 drivers
v0x1f17870_0 .net "D", 15 0, L_0x1f31340;  alias, 1 drivers
v0x1f17930_0 .net "E", 15 0, L_0x1f34760;  alias, 1 drivers
v0x1f17a40_0 .net "F", 15 0, L_0x1f31c30;  alias, 1 drivers
v0x1f17b00_0 .net "G", 15 0, L_0x1f33070;  alias, 1 drivers
v0x1f17bc0_0 .net "H", 15 0, L_0x1ecb200;  alias, 1 drivers
v0x1f17c80_0 .net "Out", 15 0, L_0x1f3af20;  alias, 1 drivers
v0x1f17dd0_0 .net "S1", 0 0, L_0x1f3b050;  1 drivers
v0x1f17e70_0 .net "S2", 0 0, L_0x1f3b180;  1 drivers
v0x1f17fa0_0 .net "S3", 0 0, L_0x1f3b3f0;  1 drivers
v0x1f18070_0 .net "mux1out", 15 0, L_0x1f3a9d0;  1 drivers
v0x1f18110_0 .net "mux2out", 15 0, L_0x1f3acd0;  1 drivers
S_0x1f132c0 .scope module, "m1" "mux4to1" 4 125, 4 97 0, S_0x1f12fe0;
 .timescale -9 -12;
    .port_info 0 /INPUT 1 "S1";
    .port_info 1 /INPUT 1 "S2";
    .port_info 2 /INPUT 16 "A";
    .port_info 3 /INPUT 16 "B";
    .port_info 4 /INPUT 16 "C";
    .port_info 5 /INPUT 16 "D";
    .port_info 6 /OUTPUT 16 "Out";
v0x1f14710_0 .net "A", 15 0, L_0x1f35720;  alias, 1 drivers
v0x1f14880_0 .net "B", 15 0, L_0x1f32570;  alias, 1 drivers
v0x1f149d0_0 .net "C", 15 0, L_0x1f33cd0;  alias, 1 drivers
v0x1f14b00_0 .net "D", 15 0, L_0x1f31340;  alias, 1 drivers
v0x1f14c50_0 .net "Out", 15 0, L_0x1f3a9d0;  alias, 1 drivers
v0x1f14d10_0 .net "S1", 0 0, L_0x1f3b050;  alias, 1 drivers
v0x1f14db0_0 .net "S2", 0 0, L_0x1f3b180;  alias, 1 drivers
v0x1f14e50_0 .net "mux1out", 15 0, L_0x1f3a890;  1 drivers
v0x1f14ef0_0 .net "mux2out", 15 0, L_0x1f3a930;  1 drivers
S_0x1f13500 .scope module, "m1" "mux2to1" 4 106, 4 90 0, S_0x1f132c0;
 .timescale -9 -12;
    .port_info 0 /INPUT 1 "S";
    .port_info 1 /INPUT 16 "A";
    .port_info 2 /INPUT 16 "B";
    .port_info 3 /OUTPUT 16 "Out";
v0x1f13770_0 .net "A", 15 0, L_0x1f35720;  alias, 1 drivers
v0x1f13850_0 .net "B", 15 0, L_0x1f32570;  alias, 1 drivers
v0x1f13910_0 .net "Out", 15 0, L_0x1f3a890;  alias, 1 drivers
v0x1f139d0_0 .net "S", 0 0, L_0x1f3b050;  alias, 1 drivers
L_0x1f3a890 .functor MUXZ 16, L_0x1f32570, L_0x1f35720, L_0x1f3b050, C4<>;
S_0x1f13b10 .scope module, "m2" "mux2to1" 4 107, 4 90 0, S_0x1f132c0;
 .timescale -9 -12;
    .port_info 0 /INPUT 1 "S";
    .port_info 1 /INPUT 16 "A";
    .port_info 2 /INPUT 16 "B";
    .port_info 3 /OUTPUT 16 "Out";
v0x1f13d80_0 .net "A", 15 0, L_0x1f33cd0;  alias, 1 drivers
v0x1f13e40_0 .net "B", 15 0, L_0x1f31340;  alias, 1 drivers
v0x1f13f00_0 .net "Out", 15 0, L_0x1f3a930;  alias, 1 drivers
v0x1f13fc0_0 .net "S", 0 0, L_0x1f3b050;  alias, 1 drivers
L_0x1f3a930 .functor MUXZ 16, L_0x1f31340, L_0x1f33cd0, L_0x1f3b050, C4<>;
S_0x1f140c0 .scope module, "m3" "mux2to1" 4 108, 4 90 0, S_0x1f132c0;
 .timescale -9 -12;
    .port_info 0 /INPUT 1 "S";
    .port_info 1 /INPUT 16 "A";
    .port_info 2 /INPUT 16 "B";
    .port_info 3 /OUTPUT 16 "Out";
v0x1f14310_0 .net "A", 15 0, L_0x1f3a890;  alias, 1 drivers
v0x1f14400_0 .net "B", 15 0, L_0x1f3a930;  alias, 1 drivers
v0x1f144d0_0 .net "Out", 15 0, L_0x1f3a9d0;  alias, 1 drivers
v0x1f145a0_0 .net "S", 0 0, L_0x1f3b180;  alias, 1 drivers
L_0x1f3a9d0 .functor MUXZ 16, L_0x1f3a930, L_0x1f3a890, L_0x1f3b180, C4<>;
S_0x1f15100 .scope module, "m2" "mux4to1" 4 126, 4 97 0, S_0x1f12fe0;
 .timescale -9 -12;
    .port_info 0 /INPUT 1 "S1";
    .port_info 1 /INPUT 1 "S2";
    .port_info 2 /INPUT 16 "A";
    .port_info 3 /INPUT 16 "B";
    .port_info 4 /INPUT 16 "C";
    .port_info 5 /INPUT 16 "D";
    .port_info 6 /OUTPUT 16 "Out";
v0x1f16650_0 .net "A", 15 0, L_0x1f34760;  alias, 1 drivers
v0x1f167c0_0 .net "B", 15 0, L_0x1f31c30;  alias, 1 drivers
v0x1f16910_0 .net "C", 15 0, L_0x1f33070;  alias, 1 drivers
v0x1f16a40_0 .net "D", 15 0, L_0x1ecb200;  alias, 1 drivers
v0x1f16b90_0 .net "Out", 15 0, L_0x1f3acd0;  alias, 1 drivers
v0x1f16c50_0 .net "S1", 0 0, L_0x1f3b050;  alias, 1 drivers
v0x1f16cf0_0 .net "S2", 0 0, L_0x1f3b180;  alias, 1 drivers
v0x1f16d90_0 .net "mux1out", 15 0, L_0x1f3ab90;  1 drivers
v0x1f16e30_0 .net "mux2out", 15 0, L_0x1f3ac30;  1 drivers
S_0x1f15360 .scope module, "m1" "mux2to1" 4 106, 4 90 0, S_0x1f15100;
 .timescale -9 -12;
    .port_info 0 /INPUT 1 "S";
    .port_info 1 /INPUT 16 "A";
    .port_info 2 /INPUT 16 "B";
    .port_info 3 /OUTPUT 16 "Out";
v0x1f155b0_0 .net "A", 15 0, L_0x1f34760;  alias, 1 drivers
v0x1f15690_0 .net "B", 15 0, L_0x1f31c30;  alias, 1 drivers
v0x1f15750_0 .net "Out", 15 0, L_0x1f3ab90;  alias, 1 drivers
v0x1f15810_0 .net "S", 0 0, L_0x1f3b050;  alias, 1 drivers
L_0x1f3ab90 .functor MUXZ 16, L_0x1f31c30, L_0x1f34760, L_0x1f3b050, C4<>;
S_0x1f15960 .scope module, "m2" "mux2to1" 4 107, 4 90 0, S_0x1f15100;
 .timescale -9 -12;
    .port_info 0 /INPUT 1 "S";
    .port_info 1 /INPUT 16 "A";
    .port_info 2 /INPUT 16 "B";
    .port_info 3 /OUTPUT 16 "Out";
v0x1f15bd0_0 .net "A", 15 0, L_0x1f33070;  alias, 1 drivers
v0x1f15c90_0 .net "B", 15 0, L_0x1ecb200;  alias, 1 drivers
v0x1f15d50_0 .net "Out", 15 0, L_0x1f3ac30;  alias, 1 drivers
v0x1f15e40_0 .net "S", 0 0, L_0x1f3b050;  alias, 1 drivers
L_0x1f3ac30 .functor MUXZ 16, L_0x1ecb200, L_0x1f33070, L_0x1f3b050, C4<>;
S_0x1f16020 .scope module, "m3" "mux2to1" 4 108, 4 90 0, S_0x1f15100;
 .timescale -9 -12;
    .port_info 0 /INPUT 1 "S";
    .port_info 1 /INPUT 16 "A";
    .port_info 2 /INPUT 16 "B";
    .port_info 3 /OUTPUT 16 "Out";
v0x1f16250_0 .net "A", 15 0, L_0x1f3ab90;  alias, 1 drivers
v0x1f16340_0 .net "B", 15 0, L_0x1f3ac30;  alias, 1 drivers
v0x1f16410_0 .net "Out", 15 0, L_0x1f3acd0;  alias, 1 drivers
v0x1f164e0_0 .net "S", 0 0, L_0x1f3b180;  alias, 1 drivers
L_0x1f3acd0 .functor MUXZ 16, L_0x1f3ac30, L_0x1f3ab90, L_0x1f3b180, C4<>;
S_0x1f17060 .scope module, "m3" "mux2to1" 4 127, 4 90 0, S_0x1f12fe0;
 .timescale -9 -12;
    .port_info 0 /INPUT 1 "S";
    .port_info 1 /INPUT 16 "A";
    .port_info 2 /INPUT 16 "B";
    .port_info 3 /OUTPUT 16 "Out";
v0x1f17260_0 .net "A", 15 0, L_0x1f3a9d0;  alias, 1 drivers
v0x1f17320_0 .net "B", 15 0, L_0x1f3acd0;  alias, 1 drivers
v0x1f17430_0 .net "Out", 15 0, L_0x1f3af20;  alias, 1 drivers
v0x1f174f0_0 .net "S", 0 0, L_0x1f3b3f0;  alias, 1 drivers
L_0x1f3af20 .functor MUXZ 16, L_0x1f3acd0, L_0x1f3a9d0, L_0x1f3b3f0, C4<>;
S_0x1f183a0 .scope module, "mux_rt_A" "mux8to1" 4 70, 4 111 0, S_0x1f0dc90;
 .timescale -9 -12;
    .port_info 0 /INPUT 1 "S1";
    .port_info 1 /INPUT 1 "S2";
    .port_info 2 /INPUT 1 "S3";
    .port_info 3 /INPUT 16 "A";
    .port_info 4 /INPUT 16 "B";
    .port_info 5 /INPUT 16 "C";
    .port_info 6 /INPUT 16 "D";
    .port_info 7 /INPUT 16 "E";
    .port_info 8 /INPUT 16 "F";
    .port_info 9 /INPUT 16 "G";
    .port_info 10 /INPUT 16 "H";
    .port_info 11 /OUTPUT 16 "Out";
v0x1f1c990_0 .net "A", 15 0, L_0x1f35720;  alias, 1 drivers
v0x1f1ca70_0 .net "B", 15 0, L_0x1f32570;  alias, 1 drivers
v0x1f1cb30_0 .net "C", 15 0, L_0x1f33cd0;  alias, 1 drivers
v0x1f1cce0_0 .net "D", 15 0, L_0x1f31340;  alias, 1 drivers
v0x1f1ceb0_0 .net "E", 15 0, L_0x1f34760;  alias, 1 drivers
v0x1f1d0d0_0 .net "F", 15 0, L_0x1f31c30;  alias, 1 drivers
v0x1f1d2a0_0 .net "G", 15 0, L_0x1f33070;  alias, 1 drivers
v0x1f1d470_0 .net "H", 15 0, L_0x1ecb200;  alias, 1 drivers
v0x1f1d640_0 .net "Out", 15 0, L_0x1f393d0;  alias, 1 drivers
v0x1f1d6e0_0 .net "S1", 0 0, L_0x1f39500;  1 drivers
v0x1f1d780_0 .net "S2", 0 0, L_0x1f397a0;  1 drivers
v0x1f1d820_0 .net "S3", 0 0, L_0x1f39840;  1 drivers
v0x1f1d8c0_0 .net "mux1out", 15 0, L_0x1f388a0;  1 drivers
v0x1f1d960_0 .net "mux2out", 15 0, L_0x1f1cfc0;  1 drivers
S_0x1f18690 .scope module, "m1" "mux4to1" 4 125, 4 97 0, S_0x1f183a0;
 .timescale -9 -12;
    .port_info 0 /INPUT 1 "S1";
    .port_info 1 /INPUT 1 "S2";
    .port_info 2 /INPUT 16 "A";
    .port_info 3 /INPUT 16 "B";
    .port_info 4 /INPUT 16 "C";
    .port_info 5 /INPUT 16 "D";
    .port_info 6 /OUTPUT 16 "Out";
v0x1f19c30_0 .net "A", 15 0, L_0x1f35720;  alias, 1 drivers
v0x1f19d10_0 .net "B", 15 0, L_0x1f32570;  alias, 1 drivers
v0x1f19dd0_0 .net "C", 15 0, L_0x1f33cd0;  alias, 1 drivers
v0x1f19e70_0 .net "D", 15 0, L_0x1f31340;  alias, 1 drivers
v0x1f19f30_0 .net "Out", 15 0, L_0x1f388a0;  alias, 1 drivers
v0x1f1a040_0 .net "S1", 0 0, L_0x1f39500;  alias, 1 drivers
v0x1f1a130_0 .net "S2", 0 0, L_0x1f397a0;  alias, 1 drivers
v0x1f1a1d0_0 .net "mux1out", 15 0, L_0x1f37f20;  1 drivers
v0x1f1a2c0_0 .net "mux2out", 15 0, L_0x1f383e0;  1 drivers
S_0x1f188d0 .scope module, "m1" "mux2to1" 4 106, 4 90 0, S_0x1f18690;
 .timescale -9 -12;
    .port_info 0 /INPUT 1 "S";
    .port_info 1 /INPUT 16 "A";
    .port_info 2 /INPUT 16 "B";
    .port_info 3 /OUTPUT 16 "Out";
v0x1f18b70_0 .net "A", 15 0, L_0x1f35720;  alias, 1 drivers
v0x1f18c50_0 .net "B", 15 0, L_0x1f32570;  alias, 1 drivers
v0x1f18d10_0 .net "Out", 15 0, L_0x1f37f20;  alias, 1 drivers
v0x1f18e00_0 .net "S", 0 0, L_0x1f39500;  alias, 1 drivers
L_0x1f37f20 .functor MUXZ 16, L_0x1f32570, L_0x1f35720, L_0x1f39500, C4<>;
S_0x1f18f70 .scope module, "m2" "mux2to1" 4 107, 4 90 0, S_0x1f18690;
 .timescale -9 -12;
    .port_info 0 /INPUT 1 "S";
    .port_info 1 /INPUT 16 "A";
    .port_info 2 /INPUT 16 "B";
    .port_info 3 /OUTPUT 16 "Out";
v0x1f191e0_0 .net "A", 15 0, L_0x1f33cd0;  alias, 1 drivers
v0x1f192a0_0 .net "B", 15 0, L_0x1f31340;  alias, 1 drivers
v0x1f19360_0 .net "Out", 15 0, L_0x1f383e0;  alias, 1 drivers
v0x1f19450_0 .net "S", 0 0, L_0x1f39500;  alias, 1 drivers
L_0x1f383e0 .functor MUXZ 16, L_0x1f31340, L_0x1f33cd0, L_0x1f39500, C4<>;
S_0x1f195b0 .scope module, "m3" "mux2to1" 4 108, 4 90 0, S_0x1f18690;
 .timescale -9 -12;
    .port_info 0 /INPUT 1 "S";
    .port_info 1 /INPUT 16 "A";
    .port_info 2 /INPUT 16 "B";
    .port_info 3 /OUTPUT 16 "Out";
v0x1f19830_0 .net "A", 15 0, L_0x1f37f20;  alias, 1 drivers
v0x1f19920_0 .net "B", 15 0, L_0x1f383e0;  alias, 1 drivers
v0x1f199f0_0 .net "Out", 15 0, L_0x1f388a0;  alias, 1 drivers
v0x1f19ac0_0 .net "S", 0 0, L_0x1f397a0;  alias, 1 drivers
L_0x1f388a0 .functor MUXZ 16, L_0x1f383e0, L_0x1f37f20, L_0x1f397a0, C4<>;
S_0x1f1a4d0 .scope module, "m2" "mux4to1" 4 126, 4 97 0, S_0x1f183a0;
 .timescale -9 -12;
    .port_info 0 /INPUT 1 "S1";
    .port_info 1 /INPUT 1 "S2";
    .port_info 2 /INPUT 16 "A";
    .port_info 3 /INPUT 16 "B";
    .port_info 4 /INPUT 16 "C";
    .port_info 5 /INPUT 16 "D";
    .port_info 6 /OUTPUT 16 "Out";
v0x1f1ba70_0 .net "A", 15 0, L_0x1f34760;  alias, 1 drivers
v0x1f1bb50_0 .net "B", 15 0, L_0x1f31c30;  alias, 1 drivers
v0x1f1bc10_0 .net "C", 15 0, L_0x1f33070;  alias, 1 drivers
v0x1f1bcb0_0 .net "D", 15 0, L_0x1ecb200;  alias, 1 drivers
v0x1f1bd70_0 .net "Out", 15 0, L_0x1f1cfc0;  alias, 1 drivers
v0x1f1be80_0 .net "S1", 0 0, L_0x1f39500;  alias, 1 drivers
v0x1f1bf20_0 .net "S2", 0 0, L_0x1f397a0;  alias, 1 drivers
v0x1f1bfc0_0 .net "mux1out", 15 0, L_0x1f38a60;  1 drivers
v0x1f1c0b0_0 .net "mux2out", 15 0, L_0x1f1d190;  1 drivers
S_0x1f1a780 .scope module, "m1" "mux2to1" 4 106, 4 90 0, S_0x1f1a4d0;
 .timescale -9 -12;
    .port_info 0 /INPUT 1 "S";
    .port_info 1 /INPUT 16 "A";
    .port_info 2 /INPUT 16 "B";
    .port_info 3 /OUTPUT 16 "Out";
v0x1f1a9d0_0 .net "A", 15 0, L_0x1f34760;  alias, 1 drivers
v0x1f1aab0_0 .net "B", 15 0, L_0x1f31c30;  alias, 1 drivers
v0x1f1ab70_0 .net "Out", 15 0, L_0x1f38a60;  alias, 1 drivers
v0x1f1ac30_0 .net "S", 0 0, L_0x1f39500;  alias, 1 drivers
L_0x1f38a60 .functor MUXZ 16, L_0x1f31c30, L_0x1f34760, L_0x1f39500, C4<>;
S_0x1f1ad80 .scope module, "m2" "mux2to1" 4 107, 4 90 0, S_0x1f1a4d0;
 .timescale -9 -12;
    .port_info 0 /INPUT 1 "S";
    .port_info 1 /INPUT 16 "A";
    .port_info 2 /INPUT 16 "B";
    .port_info 3 /OUTPUT 16 "Out";
v0x1f1aff0_0 .net "A", 15 0, L_0x1f33070;  alias, 1 drivers
v0x1f1b0b0_0 .net "B", 15 0, L_0x1ecb200;  alias, 1 drivers
v0x1f1b170_0 .net "Out", 15 0, L_0x1f1d190;  alias, 1 drivers
v0x1f1b260_0 .net "S", 0 0, L_0x1f39500;  alias, 1 drivers
L_0x1f1d190 .functor MUXZ 16, L_0x1ecb200, L_0x1f33070, L_0x1f39500, C4<>;
S_0x1f1b440 .scope module, "m3" "mux2to1" 4 108, 4 90 0, S_0x1f1a4d0;
 .timescale -9 -12;
    .port_info 0 /INPUT 1 "S";
    .port_info 1 /INPUT 16 "A";
    .port_info 2 /INPUT 16 "B";
    .port_info 3 /OUTPUT 16 "Out";
v0x1f1b670_0 .net "A", 15 0, L_0x1f38a60;  alias, 1 drivers
v0x1f1b760_0 .net "B", 15 0, L_0x1f1d190;  alias, 1 drivers
v0x1f1b830_0 .net "Out", 15 0, L_0x1f1cfc0;  alias, 1 drivers
v0x1f1b900_0 .net "S", 0 0, L_0x1f397a0;  alias, 1 drivers
L_0x1f1cfc0 .functor MUXZ 16, L_0x1f1d190, L_0x1f38a60, L_0x1f397a0, C4<>;
S_0x1f1c320 .scope module, "m3" "mux2to1" 4 127, 4 90 0, S_0x1f183a0;
 .timescale -9 -12;
    .port_info 0 /INPUT 1 "S";
    .port_info 1 /INPUT 16 "A";
    .port_info 2 /INPUT 16 "B";
    .port_info 3 /OUTPUT 16 "Out";
v0x1f1c570_0 .net "A", 15 0, L_0x1f388a0;  alias, 1 drivers
v0x1f1c680_0 .net "B", 15 0, L_0x1f1cfc0;  alias, 1 drivers
v0x1f1c790_0 .net "Out", 15 0, L_0x1f393d0;  alias, 1 drivers
v0x1f1c850_0 .net "S", 0 0, L_0x1f39840;  alias, 1 drivers
L_0x1f393d0 .functor MUXZ 16, L_0x1f1cfc0, L_0x1f388a0, L_0x1f39840, C4<>;
S_0x1f1dbb0 .scope module, "mux_rt_B" "mux8to1" 4 82, 4 111 0, S_0x1f0dc90;
 .timescale -9 -12;
    .port_info 0 /INPUT 1 "S1";
    .port_info 1 /INPUT 1 "S2";
    .port_info 2 /INPUT 1 "S3";
    .port_info 3 /INPUT 16 "A";
    .port_info 4 /INPUT 16 "B";
    .port_info 5 /INPUT 16 "C";
    .port_info 6 /INPUT 16 "D";
    .port_info 7 /INPUT 16 "E";
    .port_info 8 /INPUT 16 "F";
    .port_info 9 /INPUT 16 "G";
    .port_info 10 /INPUT 16 "H";
    .port_info 11 /OUTPUT 16 "Out";
v0x1f22020_0 .net "A", 15 0, L_0x1f35720;  alias, 1 drivers
v0x1f22100_0 .net "B", 15 0, L_0x1f32570;  alias, 1 drivers
v0x1f221c0_0 .net "C", 15 0, L_0x1f33cd0;  alias, 1 drivers
v0x1f22260_0 .net "D", 15 0, L_0x1f31340;  alias, 1 drivers
v0x1f22320_0 .net "E", 15 0, L_0x1f34760;  alias, 1 drivers
v0x1f22430_0 .net "F", 15 0, L_0x1f31c30;  alias, 1 drivers
v0x1f224f0_0 .net "G", 15 0, L_0x1f33070;  alias, 1 drivers
v0x1f225b0_0 .net "H", 15 0, L_0x1ecb200;  alias, 1 drivers
v0x1f22670_0 .net "Out", 15 0, L_0x1f3bbc0;  alias, 1 drivers
v0x1f22730_0 .net "S1", 0 0, L_0x1f3bd30;  1 drivers
v0x1f227d0_0 .net "S2", 0 0, L_0x1f3c040;  1 drivers
v0x1f22870_0 .net "S3", 0 0, L_0x1f3c0e0;  1 drivers
v0x1f22940_0 .net "mux1out", 15 0, L_0x1f3b5d0;  1 drivers
v0x1f229e0_0 .net "mux2out", 15 0, L_0x1f3b930;  1 drivers
S_0x1f1de70 .scope module, "m1" "mux4to1" 4 125, 4 97 0, S_0x1f1dbb0;
 .timescale -9 -12;
    .port_info 0 /INPUT 1 "S1";
    .port_info 1 /INPUT 1 "S2";
    .port_info 2 /INPUT 16 "A";
    .port_info 3 /INPUT 16 "B";
    .port_info 4 /INPUT 16 "C";
    .port_info 5 /INPUT 16 "D";
    .port_info 6 /OUTPUT 16 "Out";
v0x1f1f430_0 .net "A", 15 0, L_0x1f35720;  alias, 1 drivers
v0x1f1f510_0 .net "B", 15 0, L_0x1f32570;  alias, 1 drivers
v0x1f1f5d0_0 .net "C", 15 0, L_0x1f33cd0;  alias, 1 drivers
v0x1f1f670_0 .net "D", 15 0, L_0x1f31340;  alias, 1 drivers
v0x1f1f730_0 .net "Out", 15 0, L_0x1f3b5d0;  alias, 1 drivers
v0x1f1f840_0 .net "S1", 0 0, L_0x1f3bd30;  alias, 1 drivers
v0x1f1f930_0 .net "S2", 0 0, L_0x1f3c040;  alias, 1 drivers
v0x1f1f9d0_0 .net "mux1out", 15 0, L_0x1f3b490;  1 drivers
v0x1f1fac0_0 .net "mux2out", 15 0, L_0x1f3b530;  1 drivers
S_0x1f1e0d0 .scope module, "m1" "mux2to1" 4 106, 4 90 0, S_0x1f1de70;
 .timescale -9 -12;
    .port_info 0 /INPUT 1 "S";
    .port_info 1 /INPUT 16 "A";
    .port_info 2 /INPUT 16 "B";
    .port_info 3 /OUTPUT 16 "Out";
v0x1f1e370_0 .net "A", 15 0, L_0x1f35720;  alias, 1 drivers
v0x1f1e450_0 .net "B", 15 0, L_0x1f32570;  alias, 1 drivers
v0x1f1e510_0 .net "Out", 15 0, L_0x1f3b490;  alias, 1 drivers
v0x1f1e600_0 .net "S", 0 0, L_0x1f3bd30;  alias, 1 drivers
L_0x1f3b490 .functor MUXZ 16, L_0x1f32570, L_0x1f35720, L_0x1f3bd30, C4<>;
S_0x1f1e770 .scope module, "m2" "mux2to1" 4 107, 4 90 0, S_0x1f1de70;
 .timescale -9 -12;
    .port_info 0 /INPUT 1 "S";
    .port_info 1 /INPUT 16 "A";
    .port_info 2 /INPUT 16 "B";
    .port_info 3 /OUTPUT 16 "Out";
v0x1f1e9e0_0 .net "A", 15 0, L_0x1f33cd0;  alias, 1 drivers
v0x1f1eaa0_0 .net "B", 15 0, L_0x1f31340;  alias, 1 drivers
v0x1f1eb60_0 .net "Out", 15 0, L_0x1f3b530;  alias, 1 drivers
v0x1f1ec50_0 .net "S", 0 0, L_0x1f3bd30;  alias, 1 drivers
L_0x1f3b530 .functor MUXZ 16, L_0x1f31340, L_0x1f33cd0, L_0x1f3bd30, C4<>;
S_0x1f1edb0 .scope module, "m3" "mux2to1" 4 108, 4 90 0, S_0x1f1de70;
 .timescale -9 -12;
    .port_info 0 /INPUT 1 "S";
    .port_info 1 /INPUT 16 "A";
    .port_info 2 /INPUT 16 "B";
    .port_info 3 /OUTPUT 16 "Out";
v0x1f1f030_0 .net "A", 15 0, L_0x1f3b490;  alias, 1 drivers
v0x1f1f120_0 .net "B", 15 0, L_0x1f3b530;  alias, 1 drivers
v0x1f1f1f0_0 .net "Out", 15 0, L_0x1f3b5d0;  alias, 1 drivers
v0x1f1f2c0_0 .net "S", 0 0, L_0x1f3c040;  alias, 1 drivers
L_0x1f3b5d0 .functor MUXZ 16, L_0x1f3b530, L_0x1f3b490, L_0x1f3c040, C4<>;
S_0x1f1fc80 .scope module, "m2" "mux4to1" 4 126, 4 97 0, S_0x1f1dbb0;
 .timescale -9 -12;
    .port_info 0 /INPUT 1 "S1";
    .port_info 1 /INPUT 1 "S2";
    .port_info 2 /INPUT 16 "A";
    .port_info 3 /INPUT 16 "B";
    .port_info 4 /INPUT 16 "C";
    .port_info 5 /INPUT 16 "D";
    .port_info 6 /OUTPUT 16 "Out";
v0x1f21190_0 .net "A", 15 0, L_0x1f34760;  alias, 1 drivers
v0x1f21270_0 .net "B", 15 0, L_0x1f31c30;  alias, 1 drivers
v0x1f21330_0 .net "C", 15 0, L_0x1f33070;  alias, 1 drivers
v0x1f213d0_0 .net "D", 15 0, L_0x1ecb200;  alias, 1 drivers
v0x1f21490_0 .net "Out", 15 0, L_0x1f3b930;  alias, 1 drivers
v0x1f215a0_0 .net "S1", 0 0, L_0x1f3bd30;  alias, 1 drivers
v0x1f21640_0 .net "S2", 0 0, L_0x1f3c040;  alias, 1 drivers
v0x1f216e0_0 .net "mux1out", 15 0, L_0x1f3b790;  1 drivers
v0x1f217d0_0 .net "mux2out", 15 0, L_0x1f3b850;  1 drivers
S_0x1f1ff30 .scope module, "m1" "mux2to1" 4 106, 4 90 0, S_0x1f1fc80;
 .timescale -9 -12;
    .port_info 0 /INPUT 1 "S";
    .port_info 1 /INPUT 16 "A";
    .port_info 2 /INPUT 16 "B";
    .port_info 3 /OUTPUT 16 "Out";
v0x1f20180_0 .net "A", 15 0, L_0x1f34760;  alias, 1 drivers
v0x1f20260_0 .net "B", 15 0, L_0x1f31c30;  alias, 1 drivers
v0x1f20320_0 .net "Out", 15 0, L_0x1f3b790;  alias, 1 drivers
v0x1f203e0_0 .net "S", 0 0, L_0x1f3bd30;  alias, 1 drivers
L_0x1f3b790 .functor MUXZ 16, L_0x1f31c30, L_0x1f34760, L_0x1f3bd30, C4<>;
S_0x1f20530 .scope module, "m2" "mux2to1" 4 107, 4 90 0, S_0x1f1fc80;
 .timescale -9 -12;
    .port_info 0 /INPUT 1 "S";
    .port_info 1 /INPUT 16 "A";
    .port_info 2 /INPUT 16 "B";
    .port_info 3 /OUTPUT 16 "Out";
v0x1f207a0_0 .net "A", 15 0, L_0x1f33070;  alias, 1 drivers
v0x1f20860_0 .net "B", 15 0, L_0x1ecb200;  alias, 1 drivers
v0x1f20920_0 .net "Out", 15 0, L_0x1f3b850;  alias, 1 drivers
v0x1f20a10_0 .net "S", 0 0, L_0x1f3bd30;  alias, 1 drivers
L_0x1f3b850 .functor MUXZ 16, L_0x1ecb200, L_0x1f33070, L_0x1f3bd30, C4<>;
S_0x1f20b60 .scope module, "m3" "mux2to1" 4 108, 4 90 0, S_0x1f1fc80;
 .timescale -9 -12;
    .port_info 0 /INPUT 1 "S";
    .port_info 1 /INPUT 16 "A";
    .port_info 2 /INPUT 16 "B";
    .port_info 3 /OUTPUT 16 "Out";
v0x1f20d90_0 .net "A", 15 0, L_0x1f3b790;  alias, 1 drivers
v0x1f20e80_0 .net "B", 15 0, L_0x1f3b850;  alias, 1 drivers
v0x1f20f50_0 .net "Out", 15 0, L_0x1f3b930;  alias, 1 drivers
v0x1f21020_0 .net "S", 0 0, L_0x1f3c040;  alias, 1 drivers
L_0x1f3b930 .functor MUXZ 16, L_0x1f3b850, L_0x1f3b790, L_0x1f3c040, C4<>;
S_0x1f219b0 .scope module, "m3" "mux2to1" 4 127, 4 90 0, S_0x1f1dbb0;
 .timescale -9 -12;
    .port_info 0 /INPUT 1 "S";
    .port_info 1 /INPUT 16 "A";
    .port_info 2 /INPUT 16 "B";
    .port_info 3 /OUTPUT 16 "Out";
v0x1f21c00_0 .net "A", 15 0, L_0x1f3b5d0;  alias, 1 drivers
v0x1f21d10_0 .net "B", 15 0, L_0x1f3b930;  alias, 1 drivers
v0x1f21e20_0 .net "Out", 15 0, L_0x1f3bbc0;  alias, 1 drivers
v0x1f21ee0_0 .net "S", 0 0, L_0x1f3c0e0;  alias, 1 drivers
L_0x1f3bbc0 .functor MUXZ 16, L_0x1f3b930, L_0x1f3b5d0, L_0x1f3c0e0, C4<>;
S_0x1f22c70 .scope module, "reg0" "Nbit_reg" 4 53, 5 14 0, S_0x1f0dc90;
 .timescale -9 -12;
    .port_info 0 /INPUT 16 "in";
    .port_info 1 /OUTPUT 16 "out";
    .port_info 2 /INPUT 1 "clk";
    .port_info 3 /INPUT 1 "we";
    .port_info 4 /INPUT 1 "gwe";
    .port_info 5 /INPUT 1 "rst";
P_0x1f22e00 .param/l "n" 0 5 14, +C4<00000000000000000000000000010000>;
P_0x1f22e40 .param/l "r" 0 5 14, +C4<00000000000000000000000000000000>;
L_0x1ecb200/d .functor BUFZ 16, v0x1f23570_0, C4<0000000000000000>, C4<0000000000000000>, C4<0000000000000000>;
L_0x1ecb200 .delay 16 (1000,1000,1000) L_0x1ecb200/d;
v0x1f23110_0 .net "clk", 0 0, v0x1f2f330_0;  alias, 1 drivers
v0x1f231f0_0 .net "gwe", 0 0, v0x1f2f880_0;  alias, 1 drivers
v0x1f232b0_0 .net "in", 15 0, L_0x1f30c40;  1 drivers
v0x1f233a0_0 .net "out", 15 0, L_0x1ecb200;  alias, 1 drivers
v0x1f23460_0 .net "rst", 0 0, v0x1f2fef0_0;  alias, 1 drivers
v0x1f23570_0 .var "state", 15 0;
v0x1f23650_0 .net "we", 0 0, L_0x1f31200;  1 drivers
E_0x1f23090 .event posedge, v0x1f23110_0;
S_0x1f23810 .scope module, "reg1" "Nbit_reg" 4 54, 5 14 0, S_0x1f0dc90;
 .timescale -9 -12;
    .port_info 0 /INPUT 16 "in";
    .port_info 1 /OUTPUT 16 "out";
    .port_info 2 /INPUT 1 "clk";
    .port_info 3 /INPUT 1 "we";
    .port_info 4 /INPUT 1 "gwe";
    .port_info 5 /INPUT 1 "rst";
P_0x1f22ee0 .param/l "n" 0 5 14, +C4<00000000000000000000000000010000>;
P_0x1f22f20 .param/l "r" 0 5 14, +C4<00000000000000000000000000000000>;
L_0x1f31340/d .functor BUFZ 16, v0x1f24010_0, C4<0000000000000000>, C4<0000000000000000>, C4<0000000000000000>;
L_0x1f31340 .delay 16 (1000,1000,1000) L_0x1f31340/d;
v0x1f23bf0_0 .net "clk", 0 0, v0x1f2f330_0;  alias, 1 drivers
v0x1f23ce0_0 .net "gwe", 0 0, v0x1f2f880_0;  alias, 1 drivers
v0x1f23db0_0 .net "in", 15 0, L_0x1f31560;  1 drivers
v0x1f23e80_0 .net "out", 15 0, L_0x1f31340;  alias, 1 drivers
v0x1f23f20_0 .net "rst", 0 0, v0x1f2fef0_0;  alias, 1 drivers
v0x1f24010_0 .var "state", 15 0;
v0x1f240d0_0 .net "we", 0 0, L_0x1f31ad0;  1 drivers
S_0x1f24290 .scope module, "reg2" "Nbit_reg" 4 55, 5 14 0, S_0x1f0dc90;
 .timescale -9 -12;
    .port_info 0 /INPUT 16 "in";
    .port_info 1 /OUTPUT 16 "out";
    .port_info 2 /INPUT 1 "clk";
    .port_info 3 /INPUT 1 "we";
    .port_info 4 /INPUT 1 "gwe";
    .port_info 5 /INPUT 1 "rst";
P_0x1f23a40 .param/l "n" 0 5 14, +C4<00000000000000000000000000010000>;
P_0x1f23a80 .param/l "r" 0 5 14, +C4<00000000000000000000000000000000>;
L_0x1f31c30/d .functor BUFZ 16, v0x1f24b60_0, C4<0000000000000000>, C4<0000000000000000>, C4<0000000000000000>;
L_0x1f31c30 .delay 16 (1000,1000,1000) L_0x1f31c30/d;
v0x1f246a0_0 .net "clk", 0 0, v0x1f2f330_0;  alias, 1 drivers
v0x1f247b0_0 .net "gwe", 0 0, v0x1f2f880_0;  alias, 1 drivers
v0x1f248c0_0 .net "in", 15 0, L_0x1f31ef0;  1 drivers
v0x1f24960_0 .net "out", 15 0, L_0x1f31c30;  alias, 1 drivers
v0x1f24a20_0 .net "rst", 0 0, v0x1f2fef0_0;  alias, 1 drivers
v0x1f24b60_0 .var "state", 15 0;
v0x1f24c40_0 .net "we", 0 0, L_0x1f32490;  1 drivers
S_0x1f24e00 .scope module, "reg3" "Nbit_reg" 4 56, 5 14 0, S_0x1f0dc90;
 .timescale -9 -12;
    .port_info 0 /INPUT 16 "in";
    .port_info 1 /OUTPUT 16 "out";
    .port_info 2 /INPUT 1 "clk";
    .port_info 3 /INPUT 1 "we";
    .port_info 4 /INPUT 1 "gwe";
    .port_info 5 /INPUT 1 "rst";
P_0x1f244c0 .param/l "n" 0 5 14, +C4<00000000000000000000000000010000>;
P_0x1f24500 .param/l "r" 0 5 14, +C4<00000000000000000000000000000000>;
L_0x1f32570/d .functor BUFZ 16, v0x1f25580_0, C4<0000000000000000>, C4<0000000000000000>, C4<0000000000000000>;
L_0x1f32570 .delay 16 (1000,1000,1000) L_0x1f32570/d;
v0x1f251b0_0 .net "clk", 0 0, v0x1f2f330_0;  alias, 1 drivers
v0x1f25270_0 .net "gwe", 0 0, v0x1f2f880_0;  alias, 1 drivers
v0x1f25330_0 .net "in", 15 0, L_0x1f32970;  1 drivers
v0x1f253d0_0 .net "out", 15 0, L_0x1f32570;  alias, 1 drivers
v0x1f25490_0 .net "rst", 0 0, v0x1f2fef0_0;  alias, 1 drivers
v0x1f25580_0 .var "state", 15 0;
v0x1f25660_0 .net "we", 0 0, L_0x1f32ed0;  1 drivers
S_0x1f25820 .scope module, "reg4" "Nbit_reg" 4 57, 5 14 0, S_0x1f0dc90;
 .timescale -9 -12;
    .port_info 0 /INPUT 16 "in";
    .port_info 1 /OUTPUT 16 "out";
    .port_info 2 /INPUT 1 "clk";
    .port_info 3 /INPUT 1 "we";
    .port_info 4 /INPUT 1 "gwe";
    .port_info 5 /INPUT 1 "rst";
P_0x1f25a00 .param/l "n" 0 5 14, +C4<00000000000000000000000000010000>;
P_0x1f25a40 .param/l "r" 0 5 14, +C4<00000000000000000000000000000000>;
L_0x1f33070/d .functor BUFZ 16, v0x1f26160_0, C4<0000000000000000>, C4<0000000000000000>, C4<0000000000000000>;
L_0x1f33070 .delay 16 (1000,1000,1000) L_0x1f33070/d;
v0x1f25c90_0 .net "clk", 0 0, v0x1f2f330_0;  alias, 1 drivers
v0x1f25d50_0 .net "gwe", 0 0, v0x1f2f880_0;  alias, 1 drivers
v0x1f25ea0_0 .net "in", 15 0, L_0x1f33470;  1 drivers
v0x1f25f70_0 .net "out", 15 0, L_0x1f33070;  alias, 1 drivers
v0x1f26030_0 .net "rst", 0 0, v0x1f2fef0_0;  alias, 1 drivers
v0x1f26160_0 .var "state", 15 0;
v0x1f26240_0 .net "we", 0 0, L_0x1f33b10;  1 drivers
S_0x1f26400 .scope module, "reg5" "Nbit_reg" 4 58, 5 14 0, S_0x1f0dc90;
 .timescale -9 -12;
    .port_info 0 /INPUT 16 "in";
    .port_info 1 /OUTPUT 16 "out";
    .port_info 2 /INPUT 1 "clk";
    .port_info 3 /INPUT 1 "we";
    .port_info 4 /INPUT 1 "gwe";
    .port_info 5 /INPUT 1 "rst";
P_0x1f26590 .param/l "n" 0 5 14, +C4<00000000000000000000000000010000>;
P_0x1f265d0 .param/l "r" 0 5 14, +C4<00000000000000000000000000000000>;
L_0x1f33cd0/d .functor BUFZ 16, v0x1f26bd0_0, C4<0000000000000000>, C4<0000000000000000>, C4<0000000000000000>;
L_0x1f33cd0 .delay 16 (1000,1000,1000) L_0x1f33cd0/d;
v0x1f26820_0 .net "clk", 0 0, v0x1f2f330_0;  alias, 1 drivers
v0x1f268e0_0 .net "gwe", 0 0, v0x1f2f880_0;  alias, 1 drivers
v0x1f269a0_0 .net "in", 15 0, L_0x1f33510;  1 drivers
v0x1f26a70_0 .net "out", 15 0, L_0x1f33cd0;  alias, 1 drivers
v0x1f26b30_0 .net "rst", 0 0, v0x1f2fef0_0;  alias, 1 drivers
v0x1f26bd0_0 .var "state", 15 0;
v0x1f26cb0_0 .net "we", 0 0, L_0x1f34580;  1 drivers
S_0x1f26e70 .scope module, "reg6" "Nbit_reg" 4 59, 5 14 0, S_0x1f0dc90;
 .timescale -9 -12;
    .port_info 0 /INPUT 16 "in";
    .port_info 1 /OUTPUT 16 "out";
    .port_info 2 /INPUT 1 "clk";
    .port_info 3 /INPUT 1 "we";
    .port_info 4 /INPUT 1 "gwe";
    .port_info 5 /INPUT 1 "rst";
P_0x1f26670 .param/l "n" 0 5 14, +C4<00000000000000000000000000010000>;
P_0x1f266b0 .param/l "r" 0 5 14, +C4<00000000000000000000000000000000>;
L_0x1f34760/d .functor BUFZ 16, v0x1f27600_0, C4<0000000000000000>, C4<0000000000000000>, C4<0000000000000000>;
L_0x1f34760 .delay 16 (1000,1000,1000) L_0x1f34760/d;
v0x1f27200_0 .net "clk", 0 0, v0x1f2f330_0;  alias, 1 drivers
v0x1f272c0_0 .net "gwe", 0 0, v0x1f2f880_0;  alias, 1 drivers
v0x1f27380_0 .net "in", 15 0, L_0x1f34b60;  1 drivers
v0x1f27450_0 .net "out", 15 0, L_0x1f34760;  alias, 1 drivers
v0x1f27510_0 .net "rst", 0 0, v0x1f2fef0_0;  alias, 1 drivers
v0x1f27600_0 .var "state", 15 0;
v0x1f276e0_0 .net "we", 0 0, L_0x1f35520;  1 drivers
S_0x1f278a0 .scope module, "reg7" "Nbit_reg" 4 60, 5 14 0, S_0x1f0dc90;
 .timescale -9 -12;
    .port_info 0 /INPUT 16 "in";
    .port_info 1 /OUTPUT 16 "out";
    .port_info 2 /INPUT 1 "clk";
    .port_info 3 /INPUT 1 "we";
    .port_info 4 /INPUT 1 "gwe";
    .port_info 5 /INPUT 1 "rst";
P_0x1f27050 .param/l "n" 0 5 14, +C4<00000000000000000000000000010000>;
P_0x1f27090 .param/l "r" 0 5 14, +C4<00000000000000000000000000000000>;
L_0x1f35720/d .functor BUFZ 16, v0x1f28080_0, C4<0000000000000000>, C4<0000000000000000>, C4<0000000000000000>;
L_0x1f35720 .delay 16 (1000,1000,1000) L_0x1f35720/d;
v0x1f27c80_0 .net "clk", 0 0, v0x1f2f330_0;  alias, 1 drivers
v0x1f27d40_0 .net "gwe", 0 0, v0x1f2f880_0;  alias, 1 drivers
v0x1f27e00_0 .net "in", 15 0, L_0x1f35d30;  1 drivers
v0x1f27ed0_0 .net "out", 15 0, L_0x1f35720;  alias, 1 drivers
v0x1f27f90_0 .net "rst", 0 0, v0x1f2fef0_0;  alias, 1 drivers
v0x1f28080_0 .var "state", 15 0;
v0x1f28160_0 .net "we", 0 0, L_0x1f364f0;  1 drivers
    .scope S_0x1f22c70;
T_1 ;
    %wait E_0x1f23090;
    %load/vec4 v0x1f231f0_0;
    %load/vec4 v0x1f23460_0;
    %and;
    %flag_set/vec4 8;
    %jmp/0xz  T_1.0, 8;
    %pushi/vec4 0, 0, 16;
    %store/vec4 v0x1f23570_0, 0, 16;
    %jmp T_1.1;
T_1.0 ;
    %load/vec4 v0x1f231f0_0;
    %load/vec4 v0x1f23650_0;
    %and;
    %flag_set/vec4 8;
    %jmp/0xz  T_1.2, 8;
    %load/vec4 v0x1f232b0_0;
    %store/vec4 v0x1f23570_0, 0, 16;
T_1.2 ;
T_1.1 ;
    %jmp T_1;
    .thread T_1;
    .scope S_0x1f23810;
T_2 ;
    %wait E_0x1f23090;
    %load/vec4 v0x1f23ce0_0;
    %load/vec4 v0x1f23f20_0;
    %and;
    %flag_set/vec4 8;
    %jmp/0xz  T_2.0, 8;
    %pushi/vec4 0, 0, 16;
    %store/vec4 v0x1f24010_0, 0, 16;
    %jmp T_2.1;
T_2.0 ;
    %load/vec4 v0x1f23ce0_0;
    %load/vec4 v0x1f240d0_0;
    %and;
    %flag_set/vec4 8;
    %jmp/0xz  T_2.2, 8;
    %load/vec4 v0x1f23db0_0;
    %store/vec4 v0x1f24010_0, 0, 16;
T_2.2 ;
T_2.1 ;
    %jmp T_2;
    .thread T_2;
    .scope S_0x1f24290;
T_3 ;
    %wait E_0x1f23090;
    %load/vec4 v0x1f247b0_0;
    %load/vec4 v0x1f24a20_0;
    %and;
    %flag_set/vec4 8;
    %jmp/0xz  T_3.0, 8;
    %pushi/vec4 0, 0, 16;
    %store/vec4 v0x1f24b60_0, 0, 16;
    %jmp T_3.1;
T_3.0 ;
    %load/vec4 v0x1f247b0_0;
    %load/vec4 v0x1f24c40_0;
    %and;
    %flag_set/vec4 8;
    %jmp/0xz  T_3.2, 8;
    %load/vec4 v0x1f248c0_0;
    %store/vec4 v0x1f24b60_0, 0, 16;
T_3.2 ;
T_3.1 ;
    %jmp T_3;
    .thread T_3;
    .scope S_0x1f24e00;
T_4 ;
    %wait E_0x1f23090;
    %load/vec4 v0x1f25270_0;
    %load/vec4 v0x1f25490_0;
    %and;
    %flag_set/vec4 8;
    %jmp/0xz  T_4.0, 8;
    %pushi/vec4 0, 0, 16;
    %store/vec4 v0x1f25580_0, 0, 16;
    %jmp T_4.1;
T_4.0 ;
    %load/vec4 v0x1f25270_0;
    %load/vec4 v0x1f25660_0;
    %and;
    %flag_set/vec4 8;
    %jmp/0xz  T_4.2, 8;
    %load/vec4 v0x1f25330_0;
    %store/vec4 v0x1f25580_0, 0, 16;
T_4.2 ;
T_4.1 ;
    %jmp T_4;
    .thread T_4;
    .scope S_0x1f25820;
T_5 ;
    %wait E_0x1f23090;
    %load/vec4 v0x1f25d50_0;
    %load/vec4 v0x1f26030_0;
    %and;
    %flag_set/vec4 8;
    %jmp/0xz  T_5.0, 8;
    %pushi/vec4 0, 0, 16;
    %store/vec4 v0x1f26160_0, 0, 16;
    %jmp T_5.1;
T_5.0 ;
    %load/vec4 v0x1f25d50_0;
    %load/vec4 v0x1f26240_0;
    %and;
    %flag_set/vec4 8;
    %jmp/0xz  T_5.2, 8;
    %load/vec4 v0x1f25ea0_0;
    %store/vec4 v0x1f26160_0, 0, 16;
T_5.2 ;
T_5.1 ;
    %jmp T_5;
    .thread T_5;
    .scope S_0x1f26400;
T_6 ;
    %wait E_0x1f23090;
    %load/vec4 v0x1f268e0_0;
    %load/vec4 v0x1f26b30_0;
    %and;
    %flag_set/vec4 8;
    %jmp/0xz  T_6.0, 8;
    %pushi/vec4 0, 0, 16;
    %store/vec4 v0x1f26bd0_0, 0, 16;
    %jmp T_6.1;
T_6.0 ;
    %load/vec4 v0x1f268e0_0;
    %load/vec4 v0x1f26cb0_0;
    %and;
    %flag_set/vec4 8;
    %jmp/0xz  T_6.2, 8;
    %load/vec4 v0x1f269a0_0;
    %store/vec4 v0x1f26bd0_0, 0, 16;
T_6.2 ;
T_6.1 ;
    %jmp T_6;
    .thread T_6;
    .scope S_0x1f26e70;
T_7 ;
    %wait E_0x1f23090;
    %load/vec4 v0x1f272c0_0;
    %load/vec4 v0x1f27510_0;
    %and;
    %flag_set/vec4 8;
    %jmp/0xz  T_7.0, 8;
    %pushi/vec4 0, 0, 16;
    %store/vec4 v0x1f27600_0, 0, 16;
    %jmp T_7.1;
T_7.0 ;
    %load/vec4 v0x1f272c0_0;
    %load/vec4 v0x1f276e0_0;
    %and;
    %flag_set/vec4 8;
    %jmp/0xz  T_7.2, 8;
    %load/vec4 v0x1f27380_0;
    %store/vec4 v0x1f27600_0, 0, 16;
T_7.2 ;
T_7.1 ;
    %jmp T_7;
    .thread T_7;
    .scope S_0x1f278a0;
T_8 ;
    %wait E_0x1f23090;
    %load/vec4 v0x1f27d40_0;
    %load/vec4 v0x1f27f90_0;
    %and;
    %flag_set/vec4 8;
    %jmp/0xz  T_8.0, 8;
    %pushi/vec4 0, 0, 16;
    %store/vec4 v0x1f28080_0, 0, 16;
    %jmp T_8.1;
T_8.0 ;
    %load/vec4 v0x1f27d40_0;
    %load/vec4 v0x1f28160_0;
    %and;
    %flag_set/vec4 8;
    %jmp/0xz  T_8.2, 8;
    %load/vec4 v0x1f27e00_0;
    %store/vec4 v0x1f28080_0, 0, 16;
T_8.2 ;
T_8.1 ;
    %jmp T_8;
    .thread T_8;
    .scope S_0x1ecd8c0;
T_9 ;
    %delay 5000, 0;
    %load/vec4 v0x1f2f330_0;
    %inv;
    %assign/vec4 v0x1f2f330_0, 0;
    %jmp T_9;
    .thread T_9;
    .scope S_0x1ecd8c0;
T_10 ;
    %pushi/vec4 0, 0, 3;
    %store/vec4 v0x1f2fc40_0, 0, 3;
    %pushi/vec4 0, 0, 3;
    %store/vec4 v0x1f2ff90_0, 0, 3;
    %pushi/vec4 0, 0, 3;
    %store/vec4 v0x1f2fae0_0, 0, 3;
    %pushi/vec4 0, 0, 1;
    %store/vec4 v0x1f30660_0, 0, 1;
    %pushi/vec4 0, 0, 16;
    %store/vec4 v0x1f304a0_0, 0, 16;
    %pushi/vec4 0, 0, 3;
    %store/vec4 v0x1f2fce0_0, 0, 3;
    %pushi/vec4 0, 0, 3;
    %store/vec4 v0x1f30170_0, 0, 3;
    %pushi/vec4 0, 0, 3;
    %store/vec4 v0x1f2fba0_0, 0, 3;
    %pushi/vec4 0, 0, 1;
    %store/vec4 v0x1f30730_0, 0, 1;
    %pushi/vec4 0, 0, 16;
    %store/vec4 v0x1f30590_0, 0, 16;
    %pushi/vec4 1, 0, 1;
    %store/vec4 v0x1f2fef0_0, 0, 1;
    %pushi/vec4 0, 0, 1;
    %store/vec4 v0x1f2f330_0, 0, 1;
    %pushi/vec4 1, 0, 1;
    %store/vec4 v0x1f2f880_0, 0, 1;
    %pushi/vec4 0, 0, 32;
    %store/vec4 v0x1f2f3f0_0, 0, 32;
    %pushi/vec4 0, 0, 32;
    %store/vec4 v0x1f303e0_0, 0, 32;
    %pushi/vec4 0, 0, 32;
    %store/vec4 v0x1f2fa00_0, 0, 32;
    %vpi_func 2 104 "$fopen" 32, "test_lc4_regfile_ss.input", "r" {0 0 0};
    %store/vec4 v0x1f2f920_0, 0, 32;
    %load/vec4 v0x1f2f920_0;
    %cmpi/e 0, 0, 32;
    %jmp/0xz  T_10.0, 4;
    %vpi_call 2 106 "$display", "Error opening file: ", "test_lc4_regfile_ss.input" {0 0 0};
    %vpi_call 2 107 "$finish" {0 0 0};
T_10.0 ;
    %delay 100000, 0;
    %delay 5000, 0;
    %pushi/vec4 0, 0, 1;
    %store/vec4 v0x1f2fef0_0, 0, 1;
    %delay 2000, 0;
T_10.2 ;
    %vpi_func 2 126 "$fscanf" 32, v0x1f2f920_0, "%d %d %d %b %h %h %h %d %d %d %b %h %h %h", v0x1f2fc40_0, v0x1f2ff90_0, v0x1f2fae0_0, v0x1f30660_0, v0x1f304a0_0, v0x1f2f4d0_0, v0x1f2f670_0, v0x1f2fce0_0, v0x1f30170_0, v0x1f2fba0_0, v0x1f30730_0, v0x1f30590_0, v0x1f2f590_0, v0x1f2f7a0_0 {0 0 0};
    %cmpi/e 14, 0, 32;
    %jmp/0xz T_10.3, 4;
    %delay 8000, 0;
    %load/vec4 v0x1f303e0_0;
    %addi 4, 0, 32;
    %store/vec4 v0x1f303e0_0, 0, 32;
    %load/vec4 v0x1f2fa00_0;
    %cmpi/ne 0, 0, 32;
    %jmp/0xz  T_10.4, 4;
    %vpi_call 2 135 "$fdisplay", v0x1f2fa00_0, "%d %d %d %b %h %h %h %d %d %d %b %h %h %h", v0x1f2fc40_0, v0x1f2ff90_0, v0x1f2fae0_0, v0x1f30660_0, v0x1f304a0_0, v0x1f2fd80_0, v0x1f30240_0, v0x1f2fce0_0, v0x1f30170_0, v0x1f2fba0_0, v0x1f30730_0, v0x1f30590_0, v0x1f2fe20_0, v0x1f30310_0 {0 0 0};
T_10.4 ;
    %load/vec4 v0x1f2fd80_0;
    %load/vec4 v0x1f2f4d0_0;
    %cmp/ne;
    %jmp/0xz  T_10.6, 6;
    %vpi_call 2 139 "$display", "Error at test %d: Value of register %d on output rs_A should have been %h, but was %h instead", v0x1f303e0_0, v0x1f2fc40_0, v0x1f2f4d0_0, v0x1f2fd80_0 {0 0 0};
    %load/vec4 v0x1f2f3f0_0;
    %addi 1, 0, 32;
    %store/vec4 v0x1f2f3f0_0, 0, 32;
T_10.6 ;
    %load/vec4 v0x1f30240_0;
    %load/vec4 v0x1f2f670_0;
    %cmp/ne;
    %jmp/0xz  T_10.8, 6;
    %vpi_call 2 144 "$display", "Error at test %d: Value of register %d on output rt_A should have been %h, but was %h instead", v0x1f303e0_0, v0x1f2ff90_0, v0x1f2f670_0, v0x1f30240_0 {0 0 0};
    %load/vec4 v0x1f2f3f0_0;
    %addi 1, 0, 32;
    %store/vec4 v0x1f2f3f0_0, 0, 32;
T_10.8 ;
    %load/vec4 v0x1f2fe20_0;
    %load/vec4 v0x1f2f590_0;
    %cmp/ne;
    %jmp/0xz  T_10.10, 6;
    %vpi_call 2 149 "$display", "Error at test %d: Value of register %d on output rs_B should have been %h, but was %h instead", v0x1f303e0_0, v0x1f2fce0_0, v0x1f2f590_0, v0x1f2fe20_0 {0 0 0};
    %load/vec4 v0x1f2f3f0_0;
    %addi 1, 0, 32;
    %store/vec4 v0x1f2f3f0_0, 0, 32;
T_10.10 ;
    %load/vec4 v0x1f30310_0;
    %load/vec4 v0x1f2f7a0_0;
    %cmp/ne;
    %jmp/0xz  T_10.12, 6;
    %vpi_call 2 154 "$display", "Error at test %d: Value of register %d on output rt_B should have been %h, but was %h instead", v0x1f303e0_0, v0x1f30170_0, v0x1f2f7a0_0, v0x1f30310_0 {0 0 0};
    %load/vec4 v0x1f2f3f0_0;
    %addi 1, 0, 32;
    %store/vec4 v0x1f2f3f0_0, 0, 32;
T_10.12 ;
    %delay 2000, 0;
    %jmp T_10.2;
T_10.3 ;
    %load/vec4 v0x1f2f920_0;
    %cmpi/ne 0, 0, 32;
    %jmp/0xz  T_10.14, 4;
    %vpi_call 2 162 "$fclose", v0x1f2f920_0 {0 0 0};
T_10.14 ;
    %load/vec4 v0x1f2fa00_0;
    %cmpi/ne 0, 0, 32;
    %jmp/0xz  T_10.16, 4;
    %vpi_call 2 163 "$fclose", v0x1f2fa00_0 {0 0 0};
T_10.16 ;
    %vpi_call 2 164 "$display", "Simulation finished: %d test cases %d errors [%s]", v0x1f303e0_0, v0x1f2f3f0_0, "test_lc4_regfile_ss.input" {0 0 0};
    %load/vec4 v0x1f303e0_0;
    %store/vec4 v0x1ece620_0, 0, 32;
    %load/vec4 v0x1f303e0_0;
    %load/vec4 v0x1f2f3f0_0;
    %sub;
    %store/vec4 v0x1ed1920_0, 0, 32;
    %fork TD_test_regfile.printPoints, S_0x1ecc030;
    %join;
    %vpi_call 2 166 "$finish" {0 0 0};
    %end;
    .thread T_10;
# The file index is used to find the file name in the following table.
:file_names 6;
    "N/A";
    "<interactive>";
    "testbench_lc4_regfile_ss.v";
    "./print_points.v";
    "lc4_regfile_ss.v";
    "register.v";
